[2024-07-23T13:53:00.750+0000] {taskinstance.py:1083} INFO - Dependencies all met for <TaskInstance: dag_inmet.process_data manual__2024-07-23T13:52:18.580231+00:00 [queued]>
[2024-07-23T13:53:00.757+0000] {taskinstance.py:1083} INFO - Dependencies all met for <TaskInstance: dag_inmet.process_data manual__2024-07-23T13:52:18.580231+00:00 [queued]>
[2024-07-23T13:53:00.757+0000] {taskinstance.py:1279} INFO - 
--------------------------------------------------------------------------------
[2024-07-23T13:53:00.757+0000] {taskinstance.py:1280} INFO - Starting attempt 1 of 2
[2024-07-23T13:53:00.757+0000] {taskinstance.py:1281} INFO - 
--------------------------------------------------------------------------------
[2024-07-23T13:53:00.767+0000] {taskinstance.py:1300} INFO - Executing <Task(PythonOperator): process_data> on 2024-07-23 13:52:18.580231+00:00
[2024-07-23T13:53:00.772+0000] {standard_task_runner.py:55} INFO - Started process 275 to run task
[2024-07-23T13:53:00.774+0000] {standard_task_runner.py:82} INFO - Running: ['***', 'tasks', 'run', 'dag_inmet', 'process_data', 'manual__2024-07-23T13:52:18.580231+00:00', '--job-id', '989', '--raw', '--subdir', 'DAGS_FOLDER/dag_inmet.py', '--cfg-path', '/tmp/tmp40hv6kan']
[2024-07-23T13:53:00.775+0000] {standard_task_runner.py:83} INFO - Job 989: Subtask process_data
[2024-07-23T13:53:00.912+0000] {task_command.py:388} INFO - Running <TaskInstance: dag_inmet.process_data manual__2024-07-23T13:52:18.580231+00:00 [running]> on host 39ffdc207786
[2024-07-23T13:53:00.955+0000] {taskinstance.py:1509} INFO - Exporting the following env vars:
AIRFLOW_CTX_DAG_OWNER=***
AIRFLOW_CTX_DAG_ID=dag_inmet
AIRFLOW_CTX_TASK_ID=process_data
AIRFLOW_CTX_EXECUTION_DATE=2024-07-23T13:52:18.580231+00:00
AIRFLOW_CTX_TRY_NUMBER=1
AIRFLOW_CTX_DAG_RUN_ID=manual__2024-07-23T13:52:18.580231+00:00
[2024-07-23T13:53:01.079+0000] {dag_inmet.py:67} ERROR - Erro no processamento dos dados: Java gateway process exited before sending its port number
[2024-07-23T13:53:01.081+0000] {taskinstance.py:1768} ERROR - Task failed with exception
Traceback (most recent call last):
  File "/opt/airflow/dags/dag_inmet.py", line 57, in task_process_data
    .config("spark.task.cpus", "1")
  File "/home/airflow/.local/lib/python3.7/site-packages/pyspark/sql/session.py", line 477, in getOrCreate
    sc = SparkContext.getOrCreate(sparkConf)
  File "/home/airflow/.local/lib/python3.7/site-packages/pyspark/context.py", line 512, in getOrCreate
    SparkContext(conf=conf or SparkConf())
  File "/home/airflow/.local/lib/python3.7/site-packages/pyspark/context.py", line 198, in __init__
    SparkContext._ensure_initialized(self, gateway=gateway, conf=conf)
  File "/home/airflow/.local/lib/python3.7/site-packages/pyspark/context.py", line 432, in _ensure_initialized
    SparkContext._gateway = gateway or launch_gateway(conf)
  File "/home/airflow/.local/lib/python3.7/site-packages/pyspark/java_gateway.py", line 106, in launch_gateway
    raise RuntimeError("Java gateway process exited before sending its port number")
RuntimeError: Java gateway process exited before sending its port number

During handling of the above exception, another exception occurred:

Traceback (most recent call last):
  File "/home/airflow/.local/lib/python3.7/site-packages/airflow/operators/python.py", line 175, in execute
    return_value = self.execute_callable()
  File "/home/airflow/.local/lib/python3.7/site-packages/airflow/operators/python.py", line 192, in execute_callable
    return self.python_callable(*self.op_args, **self.op_kwargs)
  File "/opt/airflow/dags/dag_inmet.py", line 71, in task_process_data
    spark.stop()
UnboundLocalError: local variable 'spark' referenced before assignment
[2024-07-23T13:53:01.106+0000] {taskinstance.py:1323} INFO - Marking task as UP_FOR_RETRY. dag_id=dag_inmet, task_id=process_data, execution_date=20240723T135218, start_date=20240723T135300, end_date=20240723T135301
[2024-07-23T13:53:01.143+0000] {standard_task_runner.py:105} ERROR - Failed to execute job 989 for task process_data (local variable 'spark' referenced before assignment; 275)
[2024-07-23T13:53:01.186+0000] {local_task_job.py:208} INFO - Task exited with return code 1
[2024-07-23T13:53:01.200+0000] {taskinstance.py:2578} INFO - 0 downstream tasks scheduled from follow-on schedule check
