[2024-08-28T13:35:54.205+0000] {taskinstance.py:1083} INFO - Dependencies all met for <TaskInstance: dag_inmet.process_data manual__2024-08-28T13:34:57.722638+00:00 [queued]>
[2024-08-28T13:35:54.215+0000] {taskinstance.py:1083} INFO - Dependencies all met for <TaskInstance: dag_inmet.process_data manual__2024-08-28T13:34:57.722638+00:00 [queued]>
[2024-08-28T13:35:54.215+0000] {taskinstance.py:1279} INFO - 
--------------------------------------------------------------------------------
[2024-08-28T13:35:54.215+0000] {taskinstance.py:1280} INFO - Starting attempt 1 of 1
[2024-08-28T13:35:54.216+0000] {taskinstance.py:1281} INFO - 
--------------------------------------------------------------------------------
[2024-08-28T13:35:54.232+0000] {taskinstance.py:1300} INFO - Executing <Task(PythonOperator): process_data> on 2024-08-28 13:34:57.722638+00:00
[2024-08-28T13:35:54.239+0000] {standard_task_runner.py:55} INFO - Started process 304 to run task
[2024-08-28T13:35:54.242+0000] {standard_task_runner.py:82} INFO - Running: ['***', 'tasks', 'run', 'dag_inmet', 'process_data', 'manual__2024-08-28T13:34:57.722638+00:00', '--job-id', '11926', '--raw', '--subdir', 'DAGS_FOLDER/dag_inmet.py', '--cfg-path', '/tmp/tmp3fia90au']
[2024-08-28T13:35:54.243+0000] {standard_task_runner.py:83} INFO - Job 11926: Subtask process_data
[2024-08-28T13:35:54.297+0000] {task_command.py:388} INFO - Running <TaskInstance: dag_inmet.process_data manual__2024-08-28T13:34:57.722638+00:00 [running]> on host 77b15fcdcbd5
[2024-08-28T13:35:54.365+0000] {taskinstance.py:1509} INFO - Exporting the following env vars:
AIRFLOW_CTX_DAG_OWNER=***
AIRFLOW_CTX_DAG_ID=dag_inmet
AIRFLOW_CTX_TASK_ID=process_data
AIRFLOW_CTX_EXECUTION_DATE=2024-08-28T13:34:57.722638+00:00
AIRFLOW_CTX_TRY_NUMBER=1
AIRFLOW_CTX_DAG_RUN_ID=manual__2024-08-28T13:34:57.722638+00:00
[2024-08-28T13:35:57.165+0000] {warnings.py:110} WARNING - /home/***/.local/lib/python3.7/site-packages/pyspark/context.py:317: FutureWarning: Python 3.7 support is deprecated in Spark 3.4.
  warnings.warn("Python 3.7 support is deprecated in Spark 3.4.", FutureWarning)

[2024-08-28T13:35:57.280+0000] {dag_inmet.py:100} INFO - SparkSession criado com sucesso.
[2024-08-28T13:35:57.290+0000] {logging_mixin.py:137} INFO - Arquivo CSV encontrado: INMET_CO_DF_A001_BRASILIA_01-01-2024_A_31-07-2024.CSV
[2024-08-28T13:36:04.889+0000] {logging_mixin.py:137} INFO - Escrevendo Safra 2024-07
[2024-08-28T13:36:06.561+0000] {logging_mixin.py:137} INFO - Arquivo CSV encontrado: INMET_CO_DF_A042_BRAZLANDIA_01-01-2024_A_31-07-2024.CSV
[2024-08-28T13:36:08.880+0000] {logging_mixin.py:137} INFO - Escrevendo Safra 2024-07
[2024-08-28T13:36:09.367+0000] {logging_mixin.py:137} INFO - Arquivo CSV encontrado: INMET_CO_DF_A045_AGUAS EMENDADAS_01-01-2024_A_31-07-2024.CSV
[2024-08-28T13:36:11.525+0000] {logging_mixin.py:137} INFO - Escrevendo Safra 2024-07
[2024-08-28T13:36:11.890+0000] {logging_mixin.py:137} INFO - Arquivo CSV encontrado: INMET_CO_DF_A046_GAMA (PONTE ALTA)_01-01-2024_A_31-07-2024.CSV
[2024-08-28T13:36:14.033+0000] {logging_mixin.py:137} INFO - Escrevendo Safra 2024-07
[2024-08-28T13:36:14.377+0000] {logging_mixin.py:137} INFO - Arquivo CSV encontrado: INMET_CO_DF_A047_PARANOA (COOPA-DF)_01-01-2024_A_31-07-2024.CSV
[2024-08-28T13:36:16.629+0000] {logging_mixin.py:137} INFO - Escrevendo Safra 2024-07
[2024-08-28T13:36:17.081+0000] {logging_mixin.py:137} INFO - Arquivo CSV encontrado: INMET_CO_GO_A002_GOIANIA_01-01-2024_A_31-07-2024.CSV
[2024-08-28T13:36:19.420+0000] {logging_mixin.py:137} INFO - Escrevendo Safra 2024-07
[2024-08-28T13:36:19.766+0000] {logging_mixin.py:137} INFO - Arquivo CSV encontrado: INMET_CO_GO_A003_MORRINHOS_01-01-2024_A_31-07-2024.CSV
[2024-08-28T13:36:21.831+0000] {logging_mixin.py:137} INFO - Escrevendo Safra 2024-07
[2024-08-28T13:36:22.218+0000] {logging_mixin.py:137} INFO - Arquivo CSV encontrado: INMET_CO_GO_A005_PORANGATU_01-01-2024_A_31-07-2024.CSV
[2024-08-28T13:36:24.299+0000] {logging_mixin.py:137} INFO - Escrevendo Safra 2024-07
[2024-08-28T13:36:24.585+0000] {logging_mixin.py:137} INFO - Arquivo CSV encontrado: INMET_CO_GO_A011_SAO SIMAO_01-01-2024_A_31-07-2024.CSV
[2024-08-28T13:36:25.946+0000] {logging_mixin.py:137} INFO - Escrevendo Safra 2024-07
[2024-08-28T13:36:26.218+0000] {logging_mixin.py:137} INFO - Arquivo CSV encontrado: INMET_CO_GO_A012_LUZIANIA_01-01-2024_A_31-07-2024.CSV
[2024-08-28T13:36:28.145+0000] {logging_mixin.py:137} INFO - Escrevendo Safra 2024-07
[2024-08-28T13:36:28.473+0000] {logging_mixin.py:137} INFO - Arquivo CSV encontrado: INMET_CO_GO_A013_ARAGARCAS_01-01-2024_A_31-07-2024.CSV
[2024-08-28T13:36:29.989+0000] {logging_mixin.py:137} INFO - Escrevendo Safra 2024-07
[2024-08-28T13:36:30.288+0000] {logging_mixin.py:137} INFO - Arquivo CSV encontrado: INMET_CO_GO_A014_GOIAS_01-01-2024_A_31-07-2024.CSV
[2024-08-28T13:36:32.442+0000] {logging_mixin.py:137} INFO - Escrevendo Safra 2024-07
[2024-08-28T13:36:32.722+0000] {logging_mixin.py:137} INFO - Arquivo CSV encontrado: INMET_CO_GO_A015_ITAPACI_01-01-2024_A_31-07-2024.CSV
[2024-08-28T13:36:34.726+0000] {logging_mixin.py:137} INFO - Escrevendo Safra 2024-07
[2024-08-28T13:36:34.992+0000] {logging_mixin.py:137} INFO - Arquivo CSV encontrado: INMET_CO_GO_A016_JATAI_01-01-2024_A_31-07-2024.CSV
[2024-08-28T13:36:37.100+0000] {logging_mixin.py:137} INFO - Escrevendo Safra 2024-07
[2024-08-28T13:36:37.335+0000] {logging_mixin.py:137} INFO - Arquivo CSV encontrado: INMET_CO_GO_A017_POSSE_01-01-2024_A_31-07-2024.CSV
[2024-08-28T13:36:39.210+0000] {logging_mixin.py:137} INFO - Escrevendo Safra 2024-07
[2024-08-28T13:36:39.429+0000] {logging_mixin.py:137} INFO - Arquivo CSV encontrado: INMET_CO_GO_A022_GOIANESIA_01-01-2024_A_31-07-2024.CSV
[2024-08-28T13:36:41.551+0000] {logging_mixin.py:137} INFO - Escrevendo Safra 2024-07
[2024-08-28T13:36:41.788+0000] {logging_mixin.py:137} INFO - Arquivo CSV encontrado: INMET_CO_GO_A023_CAIAPONIA_01-01-2024_A_31-07-2024.CSV
[2024-08-28T13:36:44.519+0000] {logging_mixin.py:137} INFO - Escrevendo Safra 2024-07
[2024-08-28T13:36:44.772+0000] {logging_mixin.py:137} INFO - Arquivo CSV encontrado: INMET_CO_GO_A024_ALTO PARAISO DE GOIAS_01-01-2024_A_31-07-2024.CSV
[2024-08-28T13:36:46.945+0000] {logging_mixin.py:137} INFO - Escrevendo Safra 2024-07
[2024-08-28T13:36:47.207+0000] {logging_mixin.py:137} INFO - Arquivo CSV encontrado: INMET_CO_GO_A025_RIO VERDE_01-01-2024_A_31-07-2024.CSV
[2024-08-28T13:36:49.211+0000] {logging_mixin.py:137} INFO - Escrevendo Safra 2024-07
[2024-08-28T13:36:49.445+0000] {logging_mixin.py:137} INFO - Arquivo CSV encontrado: INMET_CO_GO_A026_MINEIROS_01-01-2024_A_31-07-2024.CSV
[2024-08-28T13:36:51.758+0000] {logging_mixin.py:137} INFO - Escrevendo Safra 2024-07
[2024-08-28T13:36:52.081+0000] {logging_mixin.py:137} INFO - Arquivo CSV encontrado: INMET_CO_GO_A027_PARAUNA_01-01-2024_A_31-07-2024.CSV
[2024-08-28T13:36:54.536+0000] {logging_mixin.py:137} INFO - Escrevendo Safra 2024-07
[2024-08-28T13:36:54.768+0000] {logging_mixin.py:137} INFO - Arquivo CSV encontrado: INMET_CO_GO_A028_IPORA_01-01-2024_A_31-07-2024.CSV
[2024-08-28T13:36:56.274+0000] {logging_mixin.py:137} INFO - Escrevendo Safra 2024-07
[2024-08-28T13:36:56.512+0000] {logging_mixin.py:137} INFO - Arquivo CSV encontrado: INMET_CO_GO_A029_EDEIA_01-01-2024_A_31-07-2024.CSV
[2024-08-28T13:36:58.547+0000] {logging_mixin.py:137} INFO - Escrevendo Safra 2024-07
[2024-08-28T13:36:58.773+0000] {logging_mixin.py:137} INFO - Arquivo CSV encontrado: INMET_CO_GO_A031_SAO MIGUEL DO ARAGUAIA_01-01-2024_A_31-07-2024.CSV
[2024-08-28T13:37:01.058+0000] {logging_mixin.py:137} INFO - Escrevendo Safra 2024-07
[2024-08-28T13:37:01.484+0000] {logging_mixin.py:137} INFO - Arquivo CSV encontrado: INMET_CO_GO_A032_MONTE ALEGRE DE GOIAS_01-01-2024_A_31-07-2024.CSV
[2024-08-28T13:37:03.620+0000] {logging_mixin.py:137} INFO - Escrevendo Safra 2024-07
[2024-08-28T13:37:03.814+0000] {logging_mixin.py:137} INFO - Arquivo CSV encontrado: INMET_CO_GO_A033_PIRES DO RIO_01-01-2024_A_31-07-2024.CSV
[2024-08-28T13:37:06.006+0000] {logging_mixin.py:137} INFO - Escrevendo Safra 2024-07
[2024-08-28T13:37:06.259+0000] {logging_mixin.py:137} INFO - Arquivo CSV encontrado: INMET_CO_GO_A034_CATALAO_01-01-2024_A_31-07-2024.CSV
[2024-08-28T13:37:08.645+0000] {logging_mixin.py:137} INFO - Escrevendo Safra 2024-07
[2024-08-28T13:37:08.980+0000] {logging_mixin.py:137} INFO - Arquivo CSV encontrado: INMET_CO_GO_A035_ITUMBIARA_01-01-2024_A_31-07-2024.CSV
[2024-08-28T13:37:10.971+0000] {logging_mixin.py:137} INFO - Escrevendo Safra 2024-07
[2024-08-28T13:37:11.218+0000] {logging_mixin.py:137} INFO - Arquivo CSV encontrado: INMET_CO_GO_A036_CRISTALINA_01-01-2024_A_31-07-2024.CSV
[2024-08-28T13:37:13.399+0000] {logging_mixin.py:137} INFO - Escrevendo Safra 2024-07
[2024-08-28T13:37:13.601+0000] {logging_mixin.py:137} INFO - Arquivo CSV encontrado: INMET_CO_GO_A037_SILVANIA_01-01-2024_A_31-07-2024.CSV
[2024-08-28T13:37:15.453+0000] {logging_mixin.py:137} INFO - Escrevendo Safra 2024-07
[2024-08-28T13:37:15.638+0000] {logging_mixin.py:137} INFO - Arquivo CSV encontrado: INMET_CO_GO_A056_CRISTALINA (FAZENDA SANTA MONICA)_01-01-2024_A_31-07-2024.CSV
[2024-08-28T13:37:17.755+0000] {logging_mixin.py:137} INFO - Escrevendo Safra 2024-07
[2024-08-28T13:37:17.960+0000] {logging_mixin.py:137} INFO - Arquivo CSV encontrado: INMET_CO_MS_A702_CAMPO GRANDE_01-01-2024_A_31-07-2024.CSV
[2024-08-28T13:37:19.951+0000] {logging_mixin.py:137} INFO - Escrevendo Safra 2024-07
[2024-08-28T13:37:20.178+0000] {logging_mixin.py:137} INFO - Arquivo CSV encontrado: INMET_CO_MS_A703_PONTA PORA_01-01-2024_A_31-07-2024.CSV
[2024-08-28T13:37:22.421+0000] {logging_mixin.py:137} INFO - Escrevendo Safra 2024-07
[2024-08-28T13:37:22.914+0000] {logging_mixin.py:137} INFO - Arquivo CSV encontrado: INMET_CO_MS_A704_TRES LAGOAS_01-01-2024_A_31-07-2024.CSV
[2024-08-28T13:37:24.855+0000] {logging_mixin.py:137} INFO - Escrevendo Safra 2024-07
[2024-08-28T13:37:25.082+0000] {logging_mixin.py:137} INFO - Arquivo CSV encontrado: INMET_CO_MS_A709_IVINHEMA_01-01-2024_A_31-07-2024.CSV
[2024-08-28T13:37:27.123+0000] {logging_mixin.py:137} INFO - Escrevendo Safra 2024-07
[2024-08-28T13:37:27.335+0000] {logging_mixin.py:137} INFO - Arquivo CSV encontrado: INMET_CO_MS_A710_PARANAIBA_01-01-2024_A_31-07-2024.CSV
[2024-08-28T13:37:29.288+0000] {logging_mixin.py:137} INFO - Escrevendo Safra 2024-07
[2024-08-28T13:37:29.481+0000] {logging_mixin.py:137} INFO - Arquivo CSV encontrado: INMET_CO_MS_A717_NHUMIRIM_01-01-2024_A_31-07-2024.CSV
[2024-08-28T13:37:31.594+0000] {logging_mixin.py:137} INFO - Escrevendo Safra 2024-07
[2024-08-28T13:37:31.825+0000] {logging_mixin.py:137} INFO - Arquivo CSV encontrado: INMET_CO_MS_A719_AQUIDAUANA_01-01-2024_A_31-07-2024.CSV
[2024-08-28T13:37:33.945+0000] {logging_mixin.py:137} INFO - Escrevendo Safra 2024-07
[2024-08-28T13:37:34.130+0000] {logging_mixin.py:137} INFO - Arquivo CSV encontrado: INMET_CO_MS_A720_COXIM_01-01-2024_A_31-07-2024.CSV
[2024-08-28T13:37:36.103+0000] {logging_mixin.py:137} INFO - Escrevendo Safra 2024-07
[2024-08-28T13:37:36.360+0000] {logging_mixin.py:137} INFO - Arquivo CSV encontrado: INMET_CO_MS_A721_DOURADOS_01-01-2024_A_31-07-2024.CSV
[2024-08-28T13:37:38.247+0000] {logging_mixin.py:137} INFO - Escrevendo Safra 2024-07
[2024-08-28T13:37:38.449+0000] {logging_mixin.py:137} INFO - Arquivo CSV encontrado: INMET_CO_MS_A722_MIRANDA_01-01-2024_A_31-07-2024.CSV
[2024-08-28T13:37:40.375+0000] {logging_mixin.py:137} INFO - Escrevendo Safra 2024-07
[2024-08-28T13:37:40.614+0000] {logging_mixin.py:137} INFO - Arquivo CSV encontrado: INMET_CO_MS_A723_PORTO MURTINHO_01-01-2024_A_31-07-2024.CSV
[2024-08-28T13:37:42.254+0000] {logging_mixin.py:137} INFO - Escrevendo Safra 2024-07
[2024-08-28T13:37:42.551+0000] {logging_mixin.py:137} INFO - Arquivo CSV encontrado: INMET_CO_MS_A724_CORUMBA_01-01-2024_A_31-07-2024.CSV
[2024-08-28T13:37:44.248+0000] {logging_mixin.py:137} INFO - Escrevendo Safra 2024-07
[2024-08-28T13:37:44.452+0000] {logging_mixin.py:137} INFO - Arquivo CSV encontrado: INMET_CO_MS_A730_CHAPADAO DO SUL_01-01-2024_A_31-07-2024.CSV
[2024-08-28T13:37:46.476+0000] {logging_mixin.py:137} INFO - Escrevendo Safra 2024-07
[2024-08-28T13:37:46.683+0000] {logging_mixin.py:137} INFO - Arquivo CSV encontrado: INMET_CO_MS_A731_MARACAJU_01-01-2024_A_31-07-2024.CSV
[2024-08-28T13:37:48.425+0000] {logging_mixin.py:137} INFO - Escrevendo Safra 2024-07
[2024-08-28T13:37:48.640+0000] {logging_mixin.py:137} INFO - Arquivo CSV encontrado: INMET_CO_MS_A732_SAO GABRIEL DO OESTE_01-01-2024_A_31-07-2024.CSV
[2024-08-28T13:37:50.520+0000] {logging_mixin.py:137} INFO - Escrevendo Safra 2024-07
[2024-08-28T13:37:50.721+0000] {logging_mixin.py:137} INFO - Arquivo CSV encontrado: INMET_CO_MS_A742_CASSILANDIA_01-01-2024_A_31-07-2024.CSV
[2024-08-28T13:37:52.578+0000] {logging_mixin.py:137} INFO - Escrevendo Safra 2024-07
[2024-08-28T13:37:52.774+0000] {logging_mixin.py:137} INFO - Arquivo CSV encontrado: INMET_CO_MS_A743_RIO BRILHANTE_01-01-2024_A_31-07-2024.CSV
[2024-08-28T13:37:54.740+0000] {logging_mixin.py:137} INFO - Escrevendo Safra 2024-07
[2024-08-28T13:37:55.064+0000] {logging_mixin.py:137} INFO - Arquivo CSV encontrado: INMET_CO_MS_A749_JUTI_01-01-2024_A_31-07-2024.CSV
[2024-08-28T13:37:57.167+0000] {logging_mixin.py:137} INFO - Escrevendo Safra 2024-07
[2024-08-28T13:37:57.405+0000] {logging_mixin.py:137} INFO - Arquivo CSV encontrado: INMET_CO_MS_A750_AMAMBAI_01-01-2024_A_31-07-2024.CSV
[2024-08-28T13:37:59.472+0000] {logging_mixin.py:137} INFO - Escrevendo Safra 2024-07
[2024-08-28T13:37:59.673+0000] {logging_mixin.py:137} INFO - Arquivo CSV encontrado: INMET_CO_MS_A751_SETE QUEDAS_01-01-2024_A_31-07-2024.CSV
[2024-08-28T13:38:01.666+0000] {logging_mixin.py:137} INFO - Escrevendo Safra 2024-07
[2024-08-28T13:38:01.905+0000] {logging_mixin.py:137} INFO - Arquivo CSV encontrado: INMET_CO_MS_A752_ITAQUIRAI_01-01-2024_A_31-07-2024.CSV
[2024-08-28T13:38:03.877+0000] {logging_mixin.py:137} INFO - Escrevendo Safra 2024-07
[2024-08-28T13:38:04.122+0000] {logging_mixin.py:137} INFO - Arquivo CSV encontrado: INMET_CO_MS_A754_SIDROLANDIA_01-01-2024_A_31-07-2024.CSV
[2024-08-28T13:38:06.240+0000] {logging_mixin.py:137} INFO - Escrevendo Safra 2024-07
[2024-08-28T13:38:06.415+0000] {logging_mixin.py:137} INFO - Arquivo CSV encontrado: INMET_CO_MS_A756_AGUA CLARA_01-01-2024_A_31-07-2024.CSV
[2024-08-28T13:38:08.388+0000] {logging_mixin.py:137} INFO - Escrevendo Safra 2024-07
[2024-08-28T13:38:08.582+0000] {logging_mixin.py:137} INFO - Arquivo CSV encontrado: INMET_CO_MS_A758_JARDIM_01-01-2024_A_31-07-2024.CSV
[2024-08-28T13:38:10.398+0000] {logging_mixin.py:137} INFO - Escrevendo Safra 2024-07
[2024-08-28T13:38:10.583+0000] {logging_mixin.py:137} INFO - Arquivo CSV encontrado: INMET_CO_MS_A759_BATAGUASSU_01-01-2024_A_31-07-2024.CSV
[2024-08-28T13:38:12.486+0000] {logging_mixin.py:137} INFO - Escrevendo Safra 2024-07
[2024-08-28T13:38:12.677+0000] {logging_mixin.py:137} INFO - Arquivo CSV encontrado: INMET_CO_MS_A760_COSTA RICA_01-01-2024_A_31-07-2024.CSV
[2024-08-28T13:38:14.549+0000] {logging_mixin.py:137} INFO - Escrevendo Safra 2024-07
[2024-08-28T13:38:14.727+0000] {logging_mixin.py:137} INFO - Arquivo CSV encontrado: INMET_CO_MS_A761_SONORA_01-01-2024_A_31-07-2024.CSV
[2024-08-28T13:38:16.702+0000] {logging_mixin.py:137} INFO - Escrevendo Safra 2024-07
[2024-08-28T13:38:16.881+0000] {logging_mixin.py:137} INFO - Arquivo CSV encontrado: INMET_CO_MT_A901_CUIABA_01-01-2024_A_31-07-2024.CSV
[2024-08-28T13:38:18.845+0000] {logging_mixin.py:137} INFO - Escrevendo Safra 2024-07
[2024-08-28T13:38:19.059+0000] {logging_mixin.py:137} INFO - Arquivo CSV encontrado: INMET_CO_MT_A902_TANGARA DA SERRA_01-01-2024_A_31-07-2024.CSV
[2024-08-28T13:38:21.125+0000] {logging_mixin.py:137} INFO - Escrevendo Safra 2024-07
[2024-08-28T13:38:21.345+0000] {logging_mixin.py:137} INFO - Arquivo CSV encontrado: INMET_CO_MT_A903_S.J. DO RIO CLARO_01-01-2024_A_31-07-2024.CSV
[2024-08-28T13:38:23.526+0000] {logging_mixin.py:137} INFO - Escrevendo Safra 2024-07
[2024-08-28T13:38:23.741+0000] {logging_mixin.py:137} INFO - Arquivo CSV encontrado: INMET_CO_MT_A904_SORRISO_01-01-2024_A_31-07-2024.CSV
[2024-08-28T13:38:25.958+0000] {logging_mixin.py:137} INFO - Escrevendo Safra 2024-07
[2024-08-28T13:38:26.212+0000] {logging_mixin.py:137} INFO - Arquivo CSV encontrado: INMET_CO_MT_A905_CAMPO NOVO DOS PARECIS_01-01-2024_A_31-07-2024.CSV
[2024-08-28T13:38:28.168+0000] {logging_mixin.py:137} INFO - Escrevendo Safra 2024-07
[2024-08-28T13:38:28.371+0000] {logging_mixin.py:137} INFO - Arquivo CSV encontrado: INMET_CO_MT_A906_GUARANTA DO NORTE_01-01-2024_A_31-07-2024.CSV
[2024-08-28T13:38:30.500+0000] {logging_mixin.py:137} INFO - Escrevendo Safra 2024-07
[2024-08-28T13:38:30.702+0000] {logging_mixin.py:137} INFO - Arquivo CSV encontrado: INMET_CO_MT_A907_RONDONOPOLIS_01-01-2024_A_31-07-2024.CSV
[2024-08-28T13:38:32.461+0000] {logging_mixin.py:137} INFO - Escrevendo Safra 2024-07
[2024-08-28T13:38:32.846+0000] {logging_mixin.py:137} INFO - Arquivo CSV encontrado: INMET_CO_MT_A908_AGUA BOA_01-01-2024_A_31-07-2024.CSV
[2024-08-28T13:38:34.986+0000] {logging_mixin.py:137} INFO - Escrevendo Safra 2024-07
[2024-08-28T13:38:35.182+0000] {logging_mixin.py:137} INFO - Arquivo CSV encontrado: INMET_CO_MT_A909_ALTO ARAGUAIA_01-01-2024_A_31-07-2024.CSV
[2024-08-28T13:38:37.179+0000] {logging_mixin.py:137} INFO - Escrevendo Safra 2024-07
[2024-08-28T13:38:37.361+0000] {logging_mixin.py:137} INFO - Arquivo CSV encontrado: INMET_CO_MT_A910_APIACAS_01-01-2024_A_31-07-2024.CSV
[2024-08-28T13:38:38.718+0000] {logging_mixin.py:137} INFO - Escrevendo Safra 2024-07
[2024-08-28T13:38:38.859+0000] {logging_mixin.py:137} INFO - Arquivo CSV encontrado: INMET_CO_MT_A911_SAPEZAL_01-01-2024_A_31-07-2024.CSV
[2024-08-28T13:38:40.740+0000] {logging_mixin.py:137} INFO - Escrevendo Safra 2024-07
[2024-08-28T13:38:40.933+0000] {logging_mixin.py:137} INFO - Arquivo CSV encontrado: INMET_CO_MT_A912_CAMPO VERDE_01-01-2024_A_31-07-2024.CSV
[2024-08-28T13:38:42.925+0000] {logging_mixin.py:137} INFO - Escrevendo Safra 2024-07
[2024-08-28T13:38:43.222+0000] {logging_mixin.py:137} INFO - Arquivo CSV encontrado: INMET_CO_MT_A913_COMODORO_01-01-2024_A_31-07-2024.CSV
[2024-08-28T13:38:45.002+0000] {logging_mixin.py:137} INFO - Escrevendo Safra 2024-07
[2024-08-28T13:38:45.216+0000] {logging_mixin.py:137} INFO - Arquivo CSV encontrado: INMET_CO_MT_A914_JUARA_01-01-2024_A_31-07-2024.CSV
[2024-08-28T13:38:46.186+0000] {logging_mixin.py:137} INFO - Escrevendo Safra 2024-07
[2024-08-28T13:38:46.320+0000] {logging_mixin.py:137} INFO - Arquivo CSV encontrado: INMET_CO_MT_A915_PARANATINGA_01-01-2024_A_31-07-2024.CSV
[2024-08-28T13:38:48.312+0000] {logging_mixin.py:137} INFO - Escrevendo Safra 2024-07
[2024-08-28T13:38:48.486+0000] {logging_mixin.py:137} INFO - Arquivo CSV encontrado: INMET_CO_MT_A916_QUERENCIA_01-01-2024_A_31-07-2024.CSV
[2024-08-28T13:38:50.465+0000] {logging_mixin.py:137} INFO - Escrevendo Safra 2024-07
[2024-08-28T13:38:50.716+0000] {logging_mixin.py:137} INFO - Arquivo CSV encontrado: INMET_CO_MT_A917_SINOP_01-01-2024_A_31-07-2024.CSV
[2024-08-28T13:38:52.707+0000] {logging_mixin.py:137} INFO - Escrevendo Safra 2024-07
[2024-08-28T13:38:52.907+0000] {logging_mixin.py:137} INFO - Arquivo CSV encontrado: INMET_CO_MT_A919_COTRIGUACU_01-01-2024_A_31-07-2024.CSV
[2024-08-28T13:38:54.848+0000] {logging_mixin.py:137} INFO - Escrevendo Safra 2024-07
[2024-08-28T13:38:55.018+0000] {logging_mixin.py:137} INFO - Arquivo CSV encontrado: INMET_CO_MT_A920_JUINA_01-01-2024_A_31-07-2024.CSV
[2024-08-28T13:38:56.846+0000] {logging_mixin.py:137} INFO - Escrevendo Safra 2024-07
[2024-08-28T13:38:57.108+0000] {logging_mixin.py:137} INFO - Arquivo CSV encontrado: INMET_CO_MT_A921_SAO FELIX  DO ARAGUAIA_01-01-2024_A_31-07-2024.CSV
[2024-08-28T13:38:58.167+0000] {logging_mixin.py:137} INFO - Escrevendo Safra 2024-07
[2024-08-28T13:38:58.330+0000] {logging_mixin.py:137} INFO - Arquivo CSV encontrado: INMET_CO_MT_A922_VILA BELA DA SANTISSIMA TRINDADE_01-01-2024_A_31-07-2024.CSV
[2024-08-28T13:39:00.509+0000] {logging_mixin.py:137} INFO - Escrevendo Safra 2024-07
[2024-08-28T13:39:00.679+0000] {logging_mixin.py:137} INFO - Arquivo CSV encontrado: INMET_CO_MT_A923_PRIMAVERA DO LESTE_01-01-2024_A_31-07-2024.CSV
[2024-08-28T13:39:02.120+0000] {logging_mixin.py:137} INFO - Escrevendo Safra 2024-07
[2024-08-28T13:39:02.307+0000] {logging_mixin.py:137} INFO - Arquivo CSV encontrado: INMET_CO_MT_A924_ALTA FLORESTA_01-01-2024_A_31-07-2024.CSV
[2024-08-28T13:39:04.148+0000] {logging_mixin.py:137} INFO - Escrevendo Safra 2024-07
[2024-08-28T13:39:04.291+0000] {logging_mixin.py:137} INFO - Arquivo CSV encontrado: INMET_CO_MT_A926_CARLINDA_01-01-2024_A_31-07-2024.CSV
[2024-08-28T13:39:06.420+0000] {logging_mixin.py:137} INFO - Escrevendo Safra 2024-07
[2024-08-28T13:39:06.624+0000] {logging_mixin.py:137} INFO - Arquivo CSV encontrado: INMET_CO_MT_A927_BRASNORTE (NOVO MUNDO)_01-01-2024_A_31-07-2024.CSV
[2024-08-28T13:39:08.250+0000] {logging_mixin.py:137} INFO - Escrevendo Safra 2024-07
[2024-08-28T13:39:08.420+0000] {logging_mixin.py:137} INFO - Arquivo CSV encontrado: INMET_CO_MT_A928_NOVA MARINGA_01-01-2024_A_31-07-2024.CSV
[2024-08-28T13:39:10.707+0000] {logging_mixin.py:137} INFO - Escrevendo Safra 2024-07
[2024-08-28T13:39:10.921+0000] {logging_mixin.py:137} INFO - Arquivo CSV encontrado: INMET_CO_MT_A929_NOVA UBIRATA_01-01-2024_A_31-07-2024.CSV
[2024-08-28T13:39:12.270+0000] {logging_mixin.py:137} INFO - Escrevendo Safra 2024-07
[2024-08-28T13:39:12.457+0000] {logging_mixin.py:137} INFO - Arquivo CSV encontrado: INMET_CO_MT_A930_GAUCHA DO NORTE_01-01-2024_A_31-07-2024.CSV
[2024-08-28T13:39:14.310+0000] {logging_mixin.py:137} INFO - Escrevendo Safra 2024-07
[2024-08-28T13:39:14.481+0000] {logging_mixin.py:137} INFO - Arquivo CSV encontrado: INMET_CO_MT_A931_SANTO ANTONIO DO LESTE_01-01-2024_A_31-07-2024.CSV
[2024-08-28T13:39:16.278+0000] {logging_mixin.py:137} INFO - Escrevendo Safra 2024-07
[2024-08-28T13:39:16.460+0000] {logging_mixin.py:137} INFO - Arquivo CSV encontrado: INMET_CO_MT_A932_GUIRATINGA_01-01-2024_A_31-07-2024.CSV
[2024-08-28T13:39:18.435+0000] {logging_mixin.py:137} INFO - Escrevendo Safra 2024-07
[2024-08-28T13:39:18.715+0000] {logging_mixin.py:137} INFO - Arquivo CSV encontrado: INMET_CO_MT_A933_ITIQUIRA_01-01-2024_A_31-07-2024.CSV
[2024-08-28T13:39:20.229+0000] {logging_mixin.py:137} INFO - Escrevendo Safra 2024-07
[2024-08-28T13:39:20.438+0000] {logging_mixin.py:137} INFO - Arquivo CSV encontrado: INMET_CO_MT_A934_ALTO TAQUARI_01-01-2024_A_31-07-2024.CSV
[2024-08-28T13:39:22.372+0000] {logging_mixin.py:137} INFO - Escrevendo Safra 2024-07
[2024-08-28T13:39:22.598+0000] {logging_mixin.py:137} INFO - Arquivo CSV encontrado: INMET_CO_MT_A935_PORTO ESTRELA_01-01-2024_A_31-07-2024.CSV
[2024-08-28T13:39:23.932+0000] {logging_mixin.py:137} INFO - Escrevendo Safra 2024-07
[2024-08-28T13:39:24.072+0000] {logging_mixin.py:137} INFO - Arquivo CSV encontrado: INMET_CO_MT_A936_SALTO DO CEU_01-01-2024_A_31-07-2024.CSV
[2024-08-28T13:39:26.065+0000] {logging_mixin.py:137} INFO - Escrevendo Safra 2024-07
[2024-08-28T13:39:26.289+0000] {logging_mixin.py:137} INFO - Arquivo CSV encontrado: INMET_CO_MT_A937_PONTES E LACERDA_01-01-2024_A_31-07-2024.CSV
[2024-08-28T13:39:27.938+0000] {logging_mixin.py:137} INFO - Escrevendo Safra 2024-07
[2024-08-28T13:39:28.164+0000] {logging_mixin.py:137} INFO - Arquivo CSV encontrado: INMET_CO_MT_A942_SAO JOSE DO XINGU_01-01-2024_A_31-07-2024.CSV
[2024-08-28T13:39:30.079+0000] {logging_mixin.py:137} INFO - Escrevendo Safra 2024-07
[2024-08-28T13:39:30.318+0000] {logging_mixin.py:137} INFO - Arquivo CSV encontrado: INMET_CO_MT_A943_SERRA NOVA DOURADA_01-01-2024_A_31-07-2024.CSV
[2024-08-28T13:39:31.549+0000] {logging_mixin.py:137} INFO - Escrevendo Safra 2024-07
[2024-08-28T13:39:31.727+0000] {logging_mixin.py:137} INFO - Arquivo CSV encontrado: INMET_CO_MT_A944_ROSARIO OESTE_01-01-2024_A_31-07-2024.CSV
[2024-08-28T13:39:33.904+0000] {logging_mixin.py:137} INFO - Escrevendo Safra 2024-07
[2024-08-28T13:39:34.133+0000] {logging_mixin.py:137} INFO - Arquivo CSV encontrado: INMET_N_AC_A102_PARQUE ESTADUAL CHANDLESS_01-01-2024_A_31-07-2024.CSV
[2024-08-28T13:39:35.072+0000] {logging_mixin.py:137} INFO - Escrevendo Safra 2024-07
[2024-08-28T13:39:35.275+0000] {logging_mixin.py:137} INFO - Arquivo CSV encontrado: INMET_N_AC_A104_RIO BRANCO_01-01-2024_A_31-07-2024.CSV
[2024-08-28T13:39:37.265+0000] {logging_mixin.py:137} INFO - Escrevendo Safra 2024-07
[2024-08-28T13:39:37.450+0000] {logging_mixin.py:137} INFO - Arquivo CSV encontrado: INMET_N_AC_A108_CRUZEIRO DO SUL_01-01-2024_A_31-07-2024.CSV
[2024-08-28T13:39:39.116+0000] {logging_mixin.py:137} INFO - Escrevendo Safra 2024-07
[2024-08-28T13:39:39.314+0000] {logging_mixin.py:137} INFO - Arquivo CSV encontrado: INMET_N_AC_A136_PORTO WALTER_01-01-2024_A_31-07-2024.CSV
[2024-08-28T13:39:40.235+0000] {logging_mixin.py:137} INFO - Escrevendo Safra 2024-07
[2024-08-28T13:39:40.455+0000] {logging_mixin.py:137} INFO - Arquivo CSV encontrado: INMET_N_AC_A137_MARECHAL THAUMATURGO_01-01-2024_A_31-07-2024.CSV
[2024-08-28T13:39:41.523+0000] {logging_mixin.py:137} INFO - Escrevendo Safra 2024-07
[2024-08-28T13:39:41.706+0000] {logging_mixin.py:137} INFO - Arquivo CSV encontrado: INMET_N_AC_A138_FEIJO_01-01-2024_A_31-07-2024.CSV
[2024-08-28T13:39:43.727+0000] {logging_mixin.py:137} INFO - Escrevendo Safra 2024-07
[2024-08-28T13:39:43.925+0000] {logging_mixin.py:137} INFO - Arquivo CSV encontrado: INMET_N_AC_A140_EPITACIOLANDIA_01-01-2024_A_31-07-2024.CSV
[2024-08-28T13:39:45.492+0000] {logging_mixin.py:137} INFO - Escrevendo Safra 2024-07
[2024-08-28T13:39:45.661+0000] {logging_mixin.py:137} INFO - Arquivo CSV encontrado: INMET_N_AM_A101_MANAUS_01-01-2024_A_31-07-2024.CSV
[2024-08-28T13:39:47.584+0000] {logging_mixin.py:137} INFO - Escrevendo Safra 2024-07
[2024-08-28T13:39:47.777+0000] {logging_mixin.py:137} INFO - Arquivo CSV encontrado: INMET_N_AM_A109_EIRUNEPE_01-01-2024_A_31-07-2024.CSV
[2024-08-28T13:39:48.863+0000] {logging_mixin.py:137} INFO - Escrevendo Safra 2024-07
[2024-08-28T13:39:49.046+0000] {logging_mixin.py:137} INFO - Arquivo CSV encontrado: INMET_N_AM_A110_BOCA DO ACRE_01-01-2024_A_31-07-2024.CSV
[2024-08-28T13:39:51.118+0000] {logging_mixin.py:137} INFO - Escrevendo Safra 2024-07
[2024-08-28T13:39:51.518+0000] {logging_mixin.py:137} INFO - Arquivo CSV encontrado: INMET_N_AM_A111_LABREA_01-01-2024_A_31-07-2024.CSV
[2024-08-28T13:39:53.411+0000] {logging_mixin.py:137} INFO - Escrevendo Safra 2024-07
[2024-08-28T13:39:53.578+0000] {logging_mixin.py:137} INFO - Arquivo CSV encontrado: INMET_N_AM_A112_HUMAITA_01-01-2024_A_31-07-2024.CSV
[2024-08-28T13:39:55.733+0000] {logging_mixin.py:137} INFO - Escrevendo Safra 2024-07
[2024-08-28T13:39:55.974+0000] {logging_mixin.py:137} INFO - Arquivo CSV encontrado: INMET_N_AM_A113_APUI_01-01-2024_A_31-07-2024.CSV
[2024-08-28T13:39:57.117+0000] {logging_mixin.py:137} INFO - Escrevendo Safra 2024-07
[2024-08-28T13:39:57.378+0000] {logging_mixin.py:137} INFO - Arquivo CSV encontrado: INMET_N_AM_A117_COARI_01-01-2024_A_31-07-2024.CSV
[2024-08-28T13:39:58.840+0000] {logging_mixin.py:137} INFO - Escrevendo Safra 2024-07
[2024-08-28T13:39:59.081+0000] {logging_mixin.py:137} INFO - Arquivo CSV encontrado: INMET_N_AM_A119_MANACAPURU_01-01-2024_A_31-07-2024.CSV
[2024-08-28T13:40:00.694+0000] {logging_mixin.py:137} INFO - Escrevendo Safra 2024-07
[2024-08-28T13:40:00.889+0000] {logging_mixin.py:137} INFO - Arquivo CSV encontrado: INMET_N_AM_A120_AUTAZES_01-01-2024_A_31-07-2024.CSV
[2024-08-28T13:40:02.493+0000] {logging_mixin.py:137} INFO - Escrevendo Safra 2024-07
[2024-08-28T13:40:02.659+0000] {logging_mixin.py:137} INFO - Arquivo CSV encontrado: INMET_N_AM_A121_ITACOATIARA_01-01-2024_A_31-07-2024.CSV
[2024-08-28T13:40:04.273+0000] {logging_mixin.py:137} INFO - Escrevendo Safra 2024-07
[2024-08-28T13:40:04.419+0000] {logging_mixin.py:137} INFO - Arquivo CSV encontrado: INMET_N_AM_A122_MAUES_01-01-2024_A_31-07-2024.CSV
[2024-08-28T13:40:05.689+0000] {logging_mixin.py:137} INFO - Escrevendo Safra 2024-07
[2024-08-28T13:40:05.850+0000] {logging_mixin.py:137} INFO - Arquivo CSV encontrado: INMET_N_AM_A123_PARINTINS_01-01-2024_A_31-07-2024.CSV
[2024-08-28T13:40:07.904+0000] {logging_mixin.py:137} INFO - Escrevendo Safra 2024-07
[2024-08-28T13:40:08.093+0000] {logging_mixin.py:137} INFO - Arquivo CSV encontrado: INMET_N_AM_A124_URUCARA_01-01-2024_A_31-07-2024.CSV
[2024-08-28T13:40:09.986+0000] {logging_mixin.py:137} INFO - Escrevendo Safra 2024-07
[2024-08-28T13:40:10.226+0000] {logging_mixin.py:137} INFO - Arquivo CSV encontrado: INMET_N_AM_A125_RIO URUBU_01-01-2024_A_31-07-2024.CSV
[2024-08-28T13:40:12.153+0000] {logging_mixin.py:137} INFO - Escrevendo Safra 2024-07
[2024-08-28T13:40:12.310+0000] {logging_mixin.py:137} INFO - Arquivo CSV encontrado: INMET_N_AM_A126_PRESIDENTE FIGUEIREDO_01-01-2024_A_31-07-2024.CSV
[2024-08-28T13:40:13.374+0000] {logging_mixin.py:137} INFO - Escrevendo Safra 2024-07
[2024-08-28T13:40:13.550+0000] {logging_mixin.py:137} INFO - Arquivo CSV encontrado: INMET_N_AM_A128_BARCELOS_01-01-2024_A_31-07-2024.CSV
[2024-08-28T13:40:15.606+0000] {logging_mixin.py:137} INFO - Escrevendo Safra 2024-07
[2024-08-28T13:40:15.752+0000] {logging_mixin.py:137} INFO - Arquivo CSV encontrado: INMET_N_AM_A133_MANICORE_01-01-2024_A_31-07-2024.CSV
[2024-08-28T13:40:18.053+0000] {logging_mixin.py:137} INFO - Escrevendo Safra 2024-07
[2024-08-28T13:40:18.253+0000] {logging_mixin.py:137} INFO - Arquivo CSV encontrado: INMET_N_AM_A134_S. G. DA CACHOEIRA_01-01-2024_A_31-07-2024.CSV
[2024-08-28T13:40:20.231+0000] {logging_mixin.py:137} INFO - Escrevendo Safra 2024-07
[2024-08-28T13:40:20.405+0000] {logging_mixin.py:137} INFO - Arquivo CSV encontrado: INMET_N_AM_A144_NOVO ARIPUANA_01-01-2024_A_31-07-2024.CSV
[2024-08-28T13:40:22.212+0000] {logging_mixin.py:137} INFO - Escrevendo Safra 2024-07
[2024-08-28T13:40:22.402+0000] {logging_mixin.py:137} INFO - Arquivo CSV encontrado: INMET_N_AP_A242_OIAPOQUE_01-01-2024_A_31-07-2024.CSV
[2024-08-28T13:40:24.525+0000] {logging_mixin.py:137} INFO - Escrevendo Safra 2024-07
[2024-08-28T13:40:24.722+0000] {logging_mixin.py:137} INFO - Arquivo CSV encontrado: INMET_N_AP_A244_PORTO GRANDE_01-01-2024_A_31-07-2024.CSV
[2024-08-28T13:40:26.860+0000] {logging_mixin.py:137} INFO - Escrevendo Safra 2024-07
[2024-08-28T13:40:27.121+0000] {logging_mixin.py:137} INFO - Arquivo CSV encontrado: INMET_N_AP_A249_MACAPA_01-01-2024_A_31-07-2024.CSV
[2024-08-28T13:40:29.052+0000] {logging_mixin.py:137} INFO - Escrevendo Safra 2024-07
[2024-08-28T13:40:29.239+0000] {logging_mixin.py:137} INFO - Arquivo CSV encontrado: INMET_N_AP_A251_ITAUBAL_01-01-2024_A_31-07-2024.CSV
[2024-08-28T13:40:31.314+0000] {logging_mixin.py:137} INFO - Escrevendo Safra 2024-07
[2024-08-28T13:40:31.527+0000] {logging_mixin.py:137} INFO - Arquivo CSV encontrado: INMET_NE_AL_A303_MACEIO_01-01-2024_A_31-07-2024.CSV
[2024-08-28T13:40:33.530+0000] {logging_mixin.py:137} INFO - Escrevendo Safra 2024-07
[2024-08-28T13:40:33.690+0000] {logging_mixin.py:137} INFO - Arquivo CSV encontrado: INMET_NE_AL_A323_PAO DE ACUCAR_01-01-2024_A_31-07-2024.CSV
[2024-08-28T13:40:35.424+0000] {logging_mixin.py:137} INFO - Escrevendo Safra 2024-07
[2024-08-28T13:40:35.638+0000] {logging_mixin.py:137} INFO - Arquivo CSV encontrado: INMET_NE_AL_A327_PALMEIRA DOS INDIOS_01-01-2024_A_31-07-2024.CSV
[2024-08-28T13:40:37.584+0000] {logging_mixin.py:137} INFO - Escrevendo Safra 2024-07
[2024-08-28T13:40:37.756+0000] {logging_mixin.py:137} INFO - Arquivo CSV encontrado: INMET_NE_AL_A353_ARAPIRACA_01-01-2024_A_31-07-2024.CSV
[2024-08-28T13:40:39.458+0000] {logging_mixin.py:137} INFO - Escrevendo Safra 2024-07
[2024-08-28T13:40:39.657+0000] {logging_mixin.py:137} INFO - Arquivo CSV encontrado: INMET_NE_AL_A355_CORURIPE_01-01-2024_A_31-07-2024.CSV
[2024-08-28T13:40:41.788+0000] {logging_mixin.py:137} INFO - Escrevendo Safra 2024-07
[2024-08-28T13:40:41.973+0000] {logging_mixin.py:137} INFO - Arquivo CSV encontrado: INMET_NE_AL_A356_SAO LUIS DO QUITUNDE_01-01-2024_A_31-07-2024.CSV
[2024-08-28T13:40:44.011+0000] {logging_mixin.py:137} INFO - Escrevendo Safra 2024-07
[2024-08-28T13:40:44.182+0000] {logging_mixin.py:137} INFO - Arquivo CSV encontrado: INMET_NE_AL_A371_PIRANHAS_01-01-2024_A_31-07-2024.CSV
[2024-08-28T13:40:45.932+0000] {logging_mixin.py:137} INFO - Escrevendo Safra 2024-07
[2024-08-28T13:40:46.108+0000] {logging_mixin.py:137} INFO - Arquivo CSV encontrado: INMET_NE_BA_A401_SALVADOR_01-01-2024_A_31-07-2024.CSV
[2024-08-28T13:40:47.981+0000] {logging_mixin.py:137} INFO - Escrevendo Safra 2024-07
[2024-08-28T13:40:48.223+0000] {logging_mixin.py:137} INFO - Arquivo CSV encontrado: INMET_NE_BA_A402_BARREIRAS_01-01-2024_A_31-07-2024.CSV
[2024-08-28T13:40:50.217+0000] {logging_mixin.py:137} INFO - Escrevendo Safra 2024-07
[2024-08-28T13:40:50.418+0000] {logging_mixin.py:137} INFO - Arquivo CSV encontrado: INMET_NE_BA_A404_LUIZ EDUARDO MAGALHAES_01-01-2024_A_31-07-2024.CSV
[2024-08-28T13:40:52.119+0000] {logging_mixin.py:137} INFO - Escrevendo Safra 2024-07
[2024-08-28T13:40:52.346+0000] {logging_mixin.py:137} INFO - Arquivo CSV encontrado: INMET_NE_BA_A405_CARAVELAS_01-01-2024_A_31-07-2024.CSV
[2024-08-28T13:40:54.203+0000] {logging_mixin.py:137} INFO - Escrevendo Safra 2024-07
[2024-08-28T13:40:54.462+0000] {logging_mixin.py:137} INFO - Arquivo CSV encontrado: INMET_NE_BA_A406_CRUZ DAS ALMAS_01-01-2024_A_31-07-2024.CSV
[2024-08-28T13:40:55.866+0000] {logging_mixin.py:137} INFO - Escrevendo Safra 2024-07
[2024-08-28T13:40:56.118+0000] {logging_mixin.py:137} INFO - Arquivo CSV encontrado: INMET_NE_BA_A407_ITIRUCU_01-01-2024_A_31-07-2024.CSV
[2024-08-28T13:40:57.425+0000] {logging_mixin.py:137} INFO - Escrevendo Safra 2024-07
[2024-08-28T13:40:57.599+0000] {logging_mixin.py:137} INFO - Arquivo CSV encontrado: INMET_NE_BA_A408_ITABERABA_01-01-2024_A_31-07-2024.CSV
[2024-08-28T13:40:59.382+0000] {logging_mixin.py:137} INFO - Escrevendo Safra 2024-07
[2024-08-28T13:40:59.639+0000] {logging_mixin.py:137} INFO - Arquivo CSV encontrado: INMET_NE_BA_A410_ILHEUS_01-01-2024_A_31-07-2024.CSV
[2024-08-28T13:41:01.780+0000] {logging_mixin.py:137} INFO - Escrevendo Safra 2024-07
[2024-08-28T13:41:01.974+0000] {logging_mixin.py:137} INFO - Arquivo CSV encontrado: INMET_NE_BA_A412_MACAJUBA_01-01-2024_A_31-07-2024.CSV
[2024-08-28T13:41:03.156+0000] {logging_mixin.py:137} INFO - Escrevendo Safra 2024-07
[2024-08-28T13:41:03.342+0000] {logging_mixin.py:137} INFO - Arquivo CSV encontrado: INMET_NE_BA_A413_FEIRA DE SANTANA_01-01-2024_A_31-07-2024.CSV
[2024-08-28T13:41:05.268+0000] {logging_mixin.py:137} INFO - Escrevendo Safra 2024-07
[2024-08-28T13:41:05.513+0000] {logging_mixin.py:137} INFO - Arquivo CSV encontrado: INMET_NE_BA_A414_VITORIA DA CONQUISTA_01-01-2024_A_31-07-2024.CSV
[2024-08-28T13:41:07.316+0000] {logging_mixin.py:137} INFO - Escrevendo Safra 2024-07
[2024-08-28T13:41:07.488+0000] {logging_mixin.py:137} INFO - Arquivo CSV encontrado: INMET_NE_BA_A415_SANTA RITA DE CASSIA_01-01-2024_A_31-07-2024.CSV
[2024-08-28T13:41:08.747+0000] {logging_mixin.py:137} INFO - Escrevendo Safra 2024-07
[2024-08-28T13:41:08.890+0000] {logging_mixin.py:137} INFO - Arquivo CSV encontrado: INMET_NE_BA_A416_CORRENTINA_01-01-2024_A_31-07-2024.CSV
[2024-08-28T13:41:10.603+0000] {logging_mixin.py:137} INFO - Escrevendo Safra 2024-07
[2024-08-28T13:41:10.766+0000] {logging_mixin.py:137} INFO - Arquivo CSV encontrado: INMET_NE_BA_A418_BOM JESUS DA LAPA_01-01-2024_A_31-07-2024.CSV
[2024-08-28T13:41:12.213+0000] {logging_mixin.py:137} INFO - Escrevendo Safra 2024-07
[2024-08-28T13:41:12.490+0000] {logging_mixin.py:137} INFO - Arquivo CSV encontrado: INMET_NE_BA_A422_ABROLHOS_01-01-2024_A_31-07-2024.CSV
[2024-08-28T13:41:13.498+0000] {logging_mixin.py:137} INFO - Escrevendo Safra 2024-07
[2024-08-28T13:41:13.724+0000] {logging_mixin.py:137} INFO - Arquivo CSV encontrado: INMET_NE_BA_A423_REMANSO_01-01-2024_A_31-07-2024.CSV
[2024-08-28T13:41:15.527+0000] {logging_mixin.py:137} INFO - Escrevendo Safra 2024-07
[2024-08-28T13:41:15.805+0000] {logging_mixin.py:137} INFO - Arquivo CSV encontrado: INMET_NE_BA_A424_IRECE_01-01-2024_A_31-07-2024.CSV
[2024-08-28T13:41:17.648+0000] {logging_mixin.py:137} INFO - Escrevendo Safra 2024-07
[2024-08-28T13:41:17.836+0000] {logging_mixin.py:137} INFO - Arquivo CSV encontrado: INMET_NE_BA_A425_LENCOIS_01-01-2024_A_31-07-2024.CSV
[2024-08-28T13:41:19.848+0000] {logging_mixin.py:137} INFO - Escrevendo Safra 2024-07
[2024-08-28T13:41:20.041+0000] {logging_mixin.py:137} INFO - Arquivo CSV encontrado: INMET_NE_BA_A426_GUANAMBI_01-01-2024_A_31-07-2024.CSV
[2024-08-28T13:41:21.474+0000] {logging_mixin.py:137} INFO - Escrevendo Safra 2024-07
[2024-08-28T13:41:21.643+0000] {logging_mixin.py:137} INFO - Arquivo CSV encontrado: INMET_NE_BA_A427_PORTO SEGURO_01-01-2024_A_31-07-2024.CSV
[2024-08-28T13:41:22.938+0000] {logging_mixin.py:137} INFO - Escrevendo Safra 2024-07
[2024-08-28T13:41:23.133+0000] {logging_mixin.py:137} INFO - Arquivo CSV encontrado: INMET_NE_BA_A428_SENHOR DO BONFIM_01-01-2024_A_31-07-2024.CSV
[2024-08-28T13:41:25.153+0000] {logging_mixin.py:137} INFO - Escrevendo Safra 2024-07
[2024-08-28T13:41:25.367+0000] {logging_mixin.py:137} INFO - Arquivo CSV encontrado: INMET_NE_BA_A429_BARRA_01-01-2024_A_31-07-2024.CSV
[2024-08-28T13:41:27.317+0000] {logging_mixin.py:137} INFO - Escrevendo Safra 2024-07
[2024-08-28T13:41:27.516+0000] {logging_mixin.py:137} INFO - Arquivo CSV encontrado: INMET_NE_BA_A430_PIATA_01-01-2024_A_31-07-2024.CSV
[2024-08-28T13:41:30.028+0000] {logging_mixin.py:137} INFO - Escrevendo Safra 2024-07
[2024-08-28T13:41:30.244+0000] {logging_mixin.py:137} INFO - Arquivo CSV encontrado: INMET_NE_BA_A431_CONDE_01-01-2024_A_31-07-2024.CSV
[2024-08-28T13:41:32.424+0000] {logging_mixin.py:137} INFO - Escrevendo Safra 2024-07
[2024-08-28T13:41:32.702+0000] {logging_mixin.py:137} INFO - Arquivo CSV encontrado: INMET_NE_BA_A432_BURITIRAMA_01-01-2024_A_31-07-2024.CSV
[2024-08-28T13:41:34.448+0000] {logging_mixin.py:137} INFO - Escrevendo Safra 2024-07
[2024-08-28T13:41:34.632+0000] {logging_mixin.py:137} INFO - Arquivo CSV encontrado: INMET_NE_BA_A433_BRUMADO_01-01-2024_A_31-07-2024.CSV
[2024-08-28T13:41:36.505+0000] {logging_mixin.py:137} INFO - Escrevendo Safra 2024-07
[2024-08-28T13:41:36.701+0000] {logging_mixin.py:137} INFO - Arquivo CSV encontrado: INMET_NE_BA_A434_AMARGOSA_01-01-2024_A_31-07-2024.CSV
[2024-08-28T13:41:38.973+0000] {logging_mixin.py:137} INFO - Escrevendo Safra 2024-07
[2024-08-28T13:41:39.112+0000] {logging_mixin.py:137} INFO - Arquivo CSV encontrado: INMET_NE_BA_A436_QUEIMADAS_01-01-2024_A_31-07-2024.CSV
[2024-08-28T13:41:40.184+0000] {logging_mixin.py:137} INFO - Escrevendo Safra 2024-07
[2024-08-28T13:41:40.430+0000] {logging_mixin.py:137} INFO - Arquivo CSV encontrado: INMET_NE_BA_A437_UNA_01-01-2024_A_31-07-2024.CSV
[2024-08-28T13:41:42.688+0000] {logging_mixin.py:137} INFO - Escrevendo Safra 2024-07
[2024-08-28T13:41:42.916+0000] {logging_mixin.py:137} INFO - Arquivo CSV encontrado: INMET_NE_BA_A438_MARAU_01-01-2024_A_31-07-2024.CSV
[2024-08-28T13:41:44.427+0000] {logging_mixin.py:137} INFO - Escrevendo Safra 2024-07
[2024-08-28T13:41:44.656+0000] {logging_mixin.py:137} INFO - Arquivo CSV encontrado: INMET_NE_BA_A439_IBOTIRAMA_01-01-2024_A_31-07-2024.CSV
[2024-08-28T13:41:46.688+0000] {logging_mixin.py:137} INFO - Escrevendo Safra 2024-07
[2024-08-28T13:41:46.852+0000] {logging_mixin.py:137} INFO - Arquivo CSV encontrado: INMET_NE_BA_A440_JACOBINA_01-01-2024_A_31-07-2024.CSV
[2024-08-28T13:41:48.230+0000] {logging_mixin.py:137} INFO - Escrevendo Safra 2024-07
[2024-08-28T13:41:48.398+0000] {logging_mixin.py:137} INFO - Arquivo CSV encontrado: INMET_NE_BA_A441_SERRINHA_01-01-2024_A_31-07-2024.CSV
[2024-08-28T13:41:50.138+0000] {logging_mixin.py:137} INFO - Escrevendo Safra 2024-07
[2024-08-28T13:41:50.302+0000] {logging_mixin.py:137} INFO - Arquivo CSV encontrado: INMET_NE_BA_A442_EUCLIDES DA CUNHA_01-01-2024_A_31-07-2024.CSV
[2024-08-28T13:41:52.205+0000] {logging_mixin.py:137} INFO - Escrevendo Safra 2024-07
[2024-08-28T13:41:52.357+0000] {logging_mixin.py:137} INFO - Arquivo CSV encontrado: INMET_NE_BA_A443_DELFINO_01-01-2024_A_31-07-2024.CSV
[2024-08-28T13:41:54.126+0000] {logging_mixin.py:137} INFO - Escrevendo Safra 2024-07
[2024-08-28T13:41:54.264+0000] {logging_mixin.py:137} INFO - Arquivo CSV encontrado: INMET_NE_BA_A444_VALENCA_01-01-2024_A_31-07-2024.CSV
[2024-08-28T13:41:55.985+0000] {logging_mixin.py:137} INFO - Escrevendo Safra 2024-07
[2024-08-28T13:41:56.221+0000] {logging_mixin.py:137} INFO - Arquivo CSV encontrado: INMET_NE_BA_A445_IPIAU_01-01-2024_A_31-07-2024.CSV
[2024-08-28T13:41:58.030+0000] {logging_mixin.py:137} INFO - Escrevendo Safra 2024-07
[2024-08-28T13:41:58.267+0000] {logging_mixin.py:137} INFO - Arquivo CSV encontrado: INMET_NE_BA_A446_ITAPETINGA_01-01-2024_A_31-07-2024.CSV
[2024-08-28T13:42:00.212+0000] {logging_mixin.py:137} INFO - Escrevendo Safra 2024-07
[2024-08-28T13:42:00.466+0000] {logging_mixin.py:137} INFO - Arquivo CSV encontrado: INMET_NE_BA_A447_BELMONTE_01-01-2024_A_31-07-2024.CSV
[2024-08-28T13:42:02.372+0000] {logging_mixin.py:137} INFO - Escrevendo Safra 2024-07
[2024-08-28T13:42:02.540+0000] {logging_mixin.py:137} INFO - Arquivo CSV encontrado: INMET_NE_BA_A448_CURACA_01-01-2024_A_31-07-2024.CSV
[2024-08-28T13:42:04.267+0000] {logging_mixin.py:137} INFO - Escrevendo Safra 2024-07
[2024-08-28T13:42:04.498+0000] {logging_mixin.py:137} INFO - Arquivo CSV encontrado: INMET_NE_BA_A450_JEREMOABO_01-01-2024_A_31-07-2024.CSV
[2024-08-28T13:42:06.489+0000] {logging_mixin.py:137} INFO - Escrevendo Safra 2024-07
[2024-08-28T13:42:06.683+0000] {logging_mixin.py:137} INFO - Arquivo CSV encontrado: INMET_NE_BA_A452_FORMOSA DO RIO PRETO_01-01-2024_A_31-07-2024.CSV
[2024-08-28T13:42:08.045+0000] {logging_mixin.py:137} INFO - Escrevendo Safra 2024-07
[2024-08-28T13:42:08.358+0000] {logging_mixin.py:137} INFO - Arquivo CSV encontrado: INMET_NE_BA_A455_ITAMARAJU_01-01-2024_A_31-07-2024.CSV
[2024-08-28T13:42:10.208+0000] {logging_mixin.py:137} INFO - Escrevendo Safra 2024-07
[2024-08-28T13:42:10.473+0000] {logging_mixin.py:137} INFO - Arquivo CSV encontrado: INMET_NE_BA_A456_SALVADOR (RADIO FAROL)_01-01-2024_A_31-07-2024.CSV
[2024-08-28T13:42:12.529+0000] {logging_mixin.py:137} INFO - Escrevendo Safra 2024-07
[2024-08-28T13:42:12.727+0000] {logging_mixin.py:137} INFO - Arquivo CSV encontrado: INMET_NE_BA_A458_RIBEIRA DO AMPARO_01-01-2024_A_31-07-2024.CSV
[2024-08-28T13:42:14.636+0000] {logging_mixin.py:137} INFO - Escrevendo Safra 2024-07
[2024-08-28T13:42:14.889+0000] {logging_mixin.py:137} INFO - Arquivo CSV encontrado: INMET_NE_CE_A305_FORTALEZA_01-01-2024_A_31-07-2024.CSV
[2024-08-28T13:42:16.359+0000] {logging_mixin.py:137} INFO - Escrevendo Safra 2024-07
[2024-08-28T13:42:16.535+0000] {logging_mixin.py:137} INFO - Arquivo CSV encontrado: INMET_NE_CE_A306_SOBRAL_01-01-2024_A_31-07-2024.CSV
[2024-08-28T13:42:18.217+0000] {logging_mixin.py:137} INFO - Escrevendo Safra 2024-07
[2024-08-28T13:42:18.523+0000] {logging_mixin.py:137} INFO - Arquivo CSV encontrado: INMET_NE_CE_A314_GUARAMIRANGA_01-01-2024_A_31-07-2024.CSV
[2024-08-28T13:42:19.652+0000] {logging_mixin.py:137} INFO - Escrevendo Safra 2024-07
[2024-08-28T13:42:19.807+0000] {logging_mixin.py:137} INFO - Arquivo CSV encontrado: INMET_NE_CE_A315_BARBALHA_01-01-2024_A_31-07-2024.CSV
[2024-08-28T13:42:20.868+0000] {logging_mixin.py:137} INFO - Escrevendo Safra 2024-07
[2024-08-28T13:42:21.251+0000] {logging_mixin.py:137} INFO - Arquivo CSV encontrado: INMET_NE_CE_A319_IGUATU_01-01-2024_A_31-07-2024.CSV
[2024-08-28T13:42:22.868+0000] {logging_mixin.py:137} INFO - Escrevendo Safra 2024-07
[2024-08-28T13:42:23.102+0000] {logging_mixin.py:137} INFO - Arquivo CSV encontrado: INMET_NE_CE_A324_TAUA_01-01-2024_A_31-07-2024.CSV
[2024-08-28T13:42:24.151+0000] {logging_mixin.py:137} INFO - Escrevendo Safra 2024-07
[2024-08-28T13:42:24.376+0000] {logging_mixin.py:137} INFO - Arquivo CSV encontrado: INMET_NE_CE_A325_QUIXERAMOBIM_01-01-2024_A_31-07-2024.CSV
[2024-08-28T13:42:25.777+0000] {logging_mixin.py:137} INFO - Escrevendo Safra 2024-07
[2024-08-28T13:42:25.970+0000] {logging_mixin.py:137} INFO - Arquivo CSV encontrado: INMET_NE_CE_A332_MORADA NOVA_01-01-2024_A_31-07-2024.CSV
[2024-08-28T13:42:27.885+0000] {logging_mixin.py:137} INFO - Escrevendo Safra 2024-07
[2024-08-28T13:42:28.117+0000] {logging_mixin.py:137} INFO - Arquivo CSV encontrado: INMET_NE_CE_A339_JAGUARUANA_01-01-2024_A_31-07-2024.CSV
[2024-08-28T13:42:30.148+0000] {logging_mixin.py:137} INFO - Escrevendo Safra 2024-07
[2024-08-28T13:42:30.326+0000] {logging_mixin.py:137} INFO - Arquivo CSV encontrado: INMET_NE_CE_A342_CRATEUS_01-01-2024_A_31-07-2024.CSV
[2024-08-28T13:42:32.136+0000] {logging_mixin.py:137} INFO - Escrevendo Safra 2024-07
[2024-08-28T13:42:32.396+0000] {logging_mixin.py:137} INFO - Arquivo CSV encontrado: INMET_NE_CE_A347_CAMPOS SALES_01-01-2024_A_31-07-2024.CSV
[2024-08-28T13:42:34.051+0000] {logging_mixin.py:137} INFO - Escrevendo Safra 2024-07
[2024-08-28T13:42:34.212+0000] {logging_mixin.py:137} INFO - Arquivo CSV encontrado: INMET_NE_CE_A358_JAGUARIBE_01-01-2024_A_31-07-2024.CSV
[2024-08-28T13:42:35.731+0000] {logging_mixin.py:137} INFO - Escrevendo Safra 2024-07
[2024-08-28T13:42:35.916+0000] {logging_mixin.py:137} INFO - Arquivo CSV encontrado: INMET_NE_CE_A359_ITAPIPOCA_01-01-2024_A_31-07-2024.CSV
[2024-08-28T13:42:37.285+0000] {logging_mixin.py:137} INFO - Escrevendo Safra 2024-07
[2024-08-28T13:42:37.444+0000] {logging_mixin.py:137} INFO - Arquivo CSV encontrado: INMET_NE_CE_A360_ACARAU_01-01-2024_A_31-07-2024.CSV
[2024-08-28T13:42:39.435+0000] {logging_mixin.py:137} INFO - Escrevendo Safra 2024-07
[2024-08-28T13:42:39.646+0000] {logging_mixin.py:137} INFO - Arquivo CSV encontrado: INMET_NE_CE_A368_TIANGUA_01-01-2024_A_31-07-2024.CSV
[2024-08-28T13:42:41.791+0000] {logging_mixin.py:137} INFO - Escrevendo Safra 2024-07
[2024-08-28T13:42:41.974+0000] {logging_mixin.py:137} INFO - Arquivo CSV encontrado: INMET_NE_CE_A369_QUIXADA_01-01-2024_A_31-07-2024.CSV
[2024-08-28T13:42:43.708+0000] {logging_mixin.py:137} INFO - Escrevendo Safra 2024-07
[2024-08-28T13:42:43.872+0000] {logging_mixin.py:137} INFO - Arquivo CSV encontrado: INMET_NE_MA_A203_SAO LUIS_01-01-2024_A_31-07-2024.CSV
[2024-08-28T13:42:46.003+0000] {logging_mixin.py:137} INFO - Escrevendo Safra 2024-07
[2024-08-28T13:42:46.375+0000] {logging_mixin.py:137} INFO - Arquivo CSV encontrado: INMET_NE_MA_A204_BALSAS_01-01-2024_A_31-07-2024.CSV
[2024-08-28T13:42:47.948+0000] {logging_mixin.py:137} INFO - Escrevendo Safra 2024-07
[2024-08-28T13:42:48.128+0000] {logging_mixin.py:137} INFO - Arquivo CSV encontrado: INMET_NE_MA_A205_CAROLINA_01-01-2024_A_31-07-2024.CSV
[2024-08-28T13:42:49.149+0000] {logging_mixin.py:137} INFO - Escrevendo Safra 2024-07
[2024-08-28T13:42:49.333+0000] {logging_mixin.py:137} INFO - Arquivo CSV encontrado: INMET_NE_MA_A206_CHAPADINHA_01-01-2024_A_31-07-2024.CSV
[2024-08-28T13:42:51.285+0000] {logging_mixin.py:137} INFO - Escrevendo Safra 2024-07
[2024-08-28T13:42:51.497+0000] {logging_mixin.py:137} INFO - Arquivo CSV encontrado: INMET_NE_MA_A207_GRAJAU_01-01-2024_A_31-07-2024.CSV
[2024-08-28T13:42:53.386+0000] {logging_mixin.py:137} INFO - Escrevendo Safra 2024-07
[2024-08-28T13:42:53.575+0000] {logging_mixin.py:137} INFO - Arquivo CSV encontrado: INMET_NE_MA_A217_FAROL de SANTANA_01-01-2024_A_31-07-2024.CSV
[2024-08-28T13:42:54.582+0000] {logging_mixin.py:137} INFO - Escrevendo Safra 2024-07
[2024-08-28T13:42:54.769+0000] {logging_mixin.py:137} INFO - Arquivo CSV encontrado: INMET_NE_MA_A218_PREGUICAS_01-01-2024_A_31-07-2024.CSV
[2024-08-28T13:42:56.684+0000] {logging_mixin.py:137} INFO - Escrevendo Safra 2024-07
[2024-08-28T13:42:56.888+0000] {logging_mixin.py:137} INFO - Arquivo CSV encontrado: INMET_NE_MA_A219_TURIACU_01-01-2024_A_31-07-2024.CSV
[2024-08-28T13:42:59.135+0000] {logging_mixin.py:137} INFO - Escrevendo Safra 2024-07
[2024-08-28T13:42:59.312+0000] {logging_mixin.py:137} INFO - Arquivo CSV encontrado: INMET_NE_MA_A220_BACABAL_01-01-2024_A_31-07-2024.CSV
[2024-08-28T13:43:01.213+0000] {logging_mixin.py:137} INFO - Escrevendo Safra 2024-07
[2024-08-28T13:43:01.398+0000] {logging_mixin.py:137} INFO - Arquivo CSV encontrado: INMET_NE_MA_A221_BARRA DO CORDA_01-01-2024_A_31-07-2024.CSV
[2024-08-28T13:43:02.383+0000] {logging_mixin.py:137} INFO - Escrevendo Safra 2024-07
[2024-08-28T13:43:02.551+0000] {logging_mixin.py:137} INFO - Arquivo CSV encontrado: INMET_NE_MA_A222_COLINAS_01-01-2024_A_31-07-2024.CSV
[2024-08-28T13:43:04.762+0000] {logging_mixin.py:137} INFO - Escrevendo Safra 2024-07
[2024-08-28T13:43:04.956+0000] {logging_mixin.py:137} INFO - Arquivo CSV encontrado: INMET_NE_MA_A223_ALTO PARNAIBA_01-01-2024_A_31-07-2024.CSV
[2024-08-28T13:43:06.935+0000] {logging_mixin.py:137} INFO - Escrevendo Safra 2024-07
[2024-08-28T13:43:07.136+0000] {logging_mixin.py:137} INFO - Arquivo CSV encontrado: INMET_NE_MA_A224_ESTREITO_01-01-2024_A_31-07-2024.CSV
[2024-08-28T13:43:08.697+0000] {logging_mixin.py:137} INFO - Escrevendo Safra 2024-07
[2024-08-28T13:43:08.986+0000] {logging_mixin.py:137} INFO - Arquivo CSV encontrado: INMET_NE_MA_A225_IMPERATRIZ_01-01-2024_A_31-07-2024.CSV
[2024-08-28T13:43:10.299+0000] {logging_mixin.py:137} INFO - Escrevendo Safra 2024-07
[2024-08-28T13:43:10.482+0000] {logging_mixin.py:137} INFO - Arquivo CSV encontrado: INMET_NE_MA_A237_CAXIAS_01-01-2024_A_31-07-2024.CSV
[2024-08-28T13:43:12.621+0000] {logging_mixin.py:137} INFO - Escrevendo Safra 2024-07
[2024-08-28T13:43:12.795+0000] {logging_mixin.py:137} INFO - Arquivo CSV encontrado: INMET_NE_MA_A238_BURITICUPU_01-01-2024_A_31-07-2024.CSV
[2024-08-28T13:43:14.717+0000] {logging_mixin.py:137} INFO - Escrevendo Safra 2024-07
[2024-08-28T13:43:14.867+0000] {logging_mixin.py:137} INFO - Arquivo CSV encontrado: INMET_NE_MA_A255_ZE DOCA_01-01-2024_A_31-07-2024.CSV
[2024-08-28T13:43:17.101+0000] {logging_mixin.py:137} INFO - Escrevendo Safra 2024-07
[2024-08-28T13:43:17.286+0000] {logging_mixin.py:137} INFO - Arquivo CSV encontrado: INMET_NE_PB_A310_AREIA_01-01-2024_A_31-07-2024.CSV
[2024-08-28T13:43:19.240+0000] {logging_mixin.py:137} INFO - Escrevendo Safra 2024-07
[2024-08-28T13:43:19.519+0000] {logging_mixin.py:137} INFO - Arquivo CSV encontrado: INMET_NE_PB_A313_CAMPINA GRANDE_01-01-2024_A_31-07-2024.CSV
[2024-08-28T13:43:21.002+0000] {logging_mixin.py:137} INFO - Escrevendo Safra 2024-07
[2024-08-28T13:43:21.182+0000] {logging_mixin.py:137} INFO - Arquivo CSV encontrado: INMET_NE_PB_A320_JOAO PESSOA_01-01-2024_A_31-07-2024.CSV
[2024-08-28T13:43:23.366+0000] {logging_mixin.py:137} INFO - Escrevendo Safra 2024-07
[2024-08-28T13:43:23.557+0000] {logging_mixin.py:137} INFO - Arquivo CSV encontrado: INMET_NE_PB_A321_PATOS_01-01-2024_A_31-07-2024.CSV
[2024-08-28T13:43:25.256+0000] {logging_mixin.py:137} INFO - Escrevendo Safra 2024-07
[2024-08-28T13:43:25.472+0000] {logging_mixin.py:137} INFO - Arquivo CSV encontrado: INMET_NE_PB_A333_SAO GONCALO_01-01-2024_A_31-07-2024.CSV
[2024-08-28T13:43:27.746+0000] {logging_mixin.py:137} INFO - Escrevendo Safra 2024-07
[2024-08-28T13:43:27.934+0000] {logging_mixin.py:137} INFO - Arquivo CSV encontrado: INMET_NE_PB_A334_MONTEIRO_01-01-2024_A_31-07-2024.CSV
[2024-08-28T13:43:29.488+0000] {logging_mixin.py:137} INFO - Escrevendo Safra 2024-07
[2024-08-28T13:43:29.767+0000] {logging_mixin.py:137} INFO - Arquivo CSV encontrado: INMET_NE_PB_A348_CABACEIRAS_01-01-2024_A_31-07-2024.CSV
[2024-08-28T13:43:31.846+0000] {logging_mixin.py:137} INFO - Escrevendo Safra 2024-07
[2024-08-28T13:43:32.079+0000] {logging_mixin.py:137} INFO - Arquivo CSV encontrado: INMET_NE_PB_A352_CAMARATUBA_01-01-2024_A_31-07-2024.CSV
[2024-08-28T13:43:33.500+0000] {logging_mixin.py:137} INFO - Escrevendo Safra 2024-07
[2024-08-28T13:43:33.754+0000] {logging_mixin.py:137} INFO - Arquivo CSV encontrado: INMET_NE_PB_A373_ITAPORANGA_01-01-2024_A_31-07-2024.CSV
[2024-08-28T13:43:35.504+0000] {logging_mixin.py:137} INFO - Escrevendo Safra 2024-07
[2024-08-28T13:43:35.694+0000] {logging_mixin.py:137} INFO - Arquivo CSV encontrado: INMET_NE_PE_A307_PETROLINA_01-01-2024_A_31-07-2024.CSV
[2024-08-28T13:43:37.070+0000] {logging_mixin.py:137} INFO - Escrevendo Safra 2024-07
[2024-08-28T13:43:37.279+0000] {logging_mixin.py:137} INFO - Arquivo CSV encontrado: INMET_NE_PE_A309_ARCO VERDE_01-01-2024_A_31-07-2024.CSV
[2024-08-28T13:43:39.213+0000] {logging_mixin.py:137} INFO - Escrevendo Safra 2024-07
[2024-08-28T13:43:39.396+0000] {logging_mixin.py:137} INFO - Arquivo CSV encontrado: INMET_NE_PE_A322_GARANHUNS_01-01-2024_A_31-07-2024.CSV
[2024-08-28T13:43:41.306+0000] {logging_mixin.py:137} INFO - Escrevendo Safra 2024-07
[2024-08-28T13:43:41.495+0000] {logging_mixin.py:137} INFO - Arquivo CSV encontrado: INMET_NE_PE_A328_SURUBIM_01-01-2024_A_31-07-2024.CSV
[2024-08-28T13:43:42.997+0000] {logging_mixin.py:137} INFO - Escrevendo Safra 2024-07
[2024-08-28T13:43:43.168+0000] {logging_mixin.py:137} INFO - Arquivo CSV encontrado: INMET_NE_PE_A329_CABROBO_01-01-2024_A_31-07-2024.CSV
[2024-08-28T13:43:45.078+0000] {logging_mixin.py:137} INFO - Escrevendo Safra 2024-07
[2024-08-28T13:43:45.272+0000] {logging_mixin.py:137} INFO - Arquivo CSV encontrado: INMET_NE_PE_A341_CARUARU_01-01-2024_A_31-07-2024.CSV
[2024-08-28T13:43:47.365+0000] {logging_mixin.py:137} INFO - Escrevendo Safra 2024-07
[2024-08-28T13:43:47.537+0000] {logging_mixin.py:137} INFO - Arquivo CSV encontrado: INMET_NE_PE_A349_IBIMIRIM_01-01-2024_A_31-07-2024.CSV
[2024-08-28T13:43:49.034+0000] {logging_mixin.py:137} INFO - Escrevendo Safra 2024-07
[2024-08-28T13:43:49.192+0000] {logging_mixin.py:137} INFO - Arquivo CSV encontrado: INMET_NE_PE_A350_SERRA TALHADA_01-01-2024_A_31-07-2024.CSV
[2024-08-28T13:43:51.365+0000] {logging_mixin.py:137} INFO - Escrevendo Safra 2024-07
[2024-08-28T13:43:51.513+0000] {logging_mixin.py:137} INFO - Arquivo CSV encontrado: INMET_NE_PE_A351_FLORESTA_01-01-2024_A_31-07-2024.CSV
[2024-08-28T13:43:53.738+0000] {logging_mixin.py:137} INFO - Escrevendo Safra 2024-07
[2024-08-28T13:43:53.944+0000] {logging_mixin.py:137} INFO - Arquivo CSV encontrado: INMET_NE_PE_A357_PALMARES_01-01-2024_A_31-07-2024.CSV
[2024-08-28T13:43:56.213+0000] {logging_mixin.py:137} INFO - Escrevendo Safra 2024-07
[2024-08-28T13:43:56.420+0000] {logging_mixin.py:137} INFO - Arquivo CSV encontrado: INMET_NE_PE_A366_OURICURI_01-01-2024_A_31-07-2024.CSV
[2024-08-28T13:43:58.598+0000] {logging_mixin.py:137} INFO - Escrevendo Safra 2024-07
[2024-08-28T13:43:58.856+0000] {logging_mixin.py:137} INFO - Arquivo CSV encontrado: INMET_NE_PE_A370_SALGUEIRO_01-01-2024_A_31-07-2024.CSV
[2024-08-28T13:44:01.087+0000] {logging_mixin.py:137} INFO - Escrevendo Safra 2024-07
[2024-08-28T13:44:01.252+0000] {logging_mixin.py:137} INFO - Arquivo CSV encontrado: INMET_NE_PI_A308_PARNAIBA_01-01-2024_A_31-07-2024.CSV
[2024-08-28T13:44:02.820+0000] {logging_mixin.py:137} INFO - Escrevendo Safra 2024-07
[2024-08-28T13:44:03.148+0000] {logging_mixin.py:137} INFO - Arquivo CSV encontrado: INMET_NE_PI_A311_FLORIANO_01-01-2024_A_31-07-2024.CSV
[2024-08-28T13:44:04.511+0000] {logging_mixin.py:137} INFO - Escrevendo Safra 2024-07
[2024-08-28T13:44:04.667+0000] {logging_mixin.py:137} INFO - Arquivo CSV encontrado: INMET_NE_PI_A312_TERESINA_01-01-2024_A_31-07-2024.CSV
[2024-08-28T13:44:06.973+0000] {logging_mixin.py:137} INFO - Escrevendo Safra 2024-07
[2024-08-28T13:44:07.211+0000] {logging_mixin.py:137} INFO - Arquivo CSV encontrado: INMET_NE_PI_A326_BOM JESUS DO PIAUI_01-01-2024_A_31-07-2024.CSV
[2024-08-28T13:44:09.117+0000] {logging_mixin.py:137} INFO - Escrevendo Safra 2024-07
[2024-08-28T13:44:09.338+0000] {logging_mixin.py:137} INFO - Arquivo CSV encontrado: INMET_NE_PI_A330_PAULISTANA_01-01-2024_A_31-07-2024.CSV
[2024-08-28T13:44:11.417+0000] {logging_mixin.py:137} INFO - Escrevendo Safra 2024-07
[2024-08-28T13:44:11.589+0000] {logging_mixin.py:137} INFO - Arquivo CSV encontrado: INMET_NE_PI_A331_SAO JOAO DO PIAUI_01-01-2024_A_31-07-2024.CSV
[2024-08-28T13:44:13.540+0000] {logging_mixin.py:137} INFO - Escrevendo Safra 2024-07
[2024-08-28T13:44:13.725+0000] {logging_mixin.py:137} INFO - Arquivo CSV encontrado: INMET_NE_PI_A335_PIRIPIRI_01-01-2024_A_31-07-2024.CSV
[2024-08-28T13:44:15.950+0000] {logging_mixin.py:137} INFO - Escrevendo Safra 2024-07
[2024-08-28T13:44:16.123+0000] {logging_mixin.py:137} INFO - Arquivo CSV encontrado: INMET_NE_PI_A336_ALVORADA DO GURGUEIA_01-01-2024_A_31-07-2024.CSV
[2024-08-28T13:44:18.576+0000] {logging_mixin.py:137} INFO - Escrevendo Safra 2024-07
[2024-08-28T13:44:18.791+0000] {logging_mixin.py:137} INFO - Arquivo CSV encontrado: INMET_NE_PI_A337_CARACOL_01-01-2024_A_31-07-2024.CSV
[2024-08-28T13:44:20.110+0000] {logging_mixin.py:137} INFO - Escrevendo Safra 2024-07
[2024-08-28T13:44:20.301+0000] {logging_mixin.py:137} INFO - Arquivo CSV encontrado: INMET_NE_PI_A343_PICOS_01-01-2024_A_31-07-2024.CSV
[2024-08-28T13:44:21.919+0000] {logging_mixin.py:137} INFO - Escrevendo Safra 2024-07
[2024-08-28T13:44:22.121+0000] {logging_mixin.py:137} INFO - Arquivo CSV encontrado: INMET_NE_PI_A345_SAO RAIMUNDO NONATO_01-01-2024_A_31-07-2024.CSV
[2024-08-28T13:44:23.842+0000] {logging_mixin.py:137} INFO - Escrevendo Safra 2024-07
[2024-08-28T13:44:24.003+0000] {logging_mixin.py:137} INFO - Arquivo CSV encontrado: INMET_NE_PI_A346_URUCUI_01-01-2024_A_31-07-2024.CSV
[2024-08-28T13:44:26.038+0000] {logging_mixin.py:137} INFO - Escrevendo Safra 2024-07
[2024-08-28T13:44:26.207+0000] {logging_mixin.py:137} INFO - Arquivo CSV encontrado: INMET_NE_PI_A354_OEIRAS_01-01-2024_A_31-07-2024.CSV
[2024-08-28T13:44:28.104+0000] {logging_mixin.py:137} INFO - Escrevendo Safra 2024-07
[2024-08-28T13:44:28.389+0000] {logging_mixin.py:137} INFO - Arquivo CSV encontrado: INMET_NE_PI_A361_CASTELO DO PIAUI_01-01-2024_A_31-07-2024.CSV
[2024-08-28T13:44:30.541+0000] {logging_mixin.py:137} INFO - Escrevendo Safra 2024-07
[2024-08-28T13:44:30.806+0000] {logging_mixin.py:137} INFO - Arquivo CSV encontrado: INMET_NE_PI_A363_VALENCA DO PIAUI_01-01-2024_A_31-07-2024.CSV
[2024-08-28T13:44:32.671+0000] {logging_mixin.py:137} INFO - Escrevendo Safra 2024-07
[2024-08-28T13:44:32.953+0000] {logging_mixin.py:137} INFO - Arquivo CSV encontrado: INMET_NE_PI_A364_GILBUES_01-01-2024_A_31-07-2024.CSV
[2024-08-28T13:44:34.844+0000] {logging_mixin.py:137} INFO - Escrevendo Safra 2024-07
[2024-08-28T13:44:35.030+0000] {logging_mixin.py:137} INFO - Arquivo CSV encontrado: INMET_NE_PI_A365_CANTO DO BURITI_01-01-2024_A_31-07-2024.CSV
[2024-08-28T13:44:36.989+0000] {logging_mixin.py:137} INFO - Escrevendo Safra 2024-07
[2024-08-28T13:44:37.143+0000] {logging_mixin.py:137} INFO - Arquivo CSV encontrado: INMET_NE_PI_A374_CORRENTE_01-01-2024_A_31-07-2024.CSV
[2024-08-28T13:44:39.025+0000] {logging_mixin.py:137} INFO - Escrevendo Safra 2024-07
[2024-08-28T13:44:39.199+0000] {logging_mixin.py:137} INFO - Arquivo CSV encontrado: INMET_NE_PI_A375_BAIXA GRANDE DO RIBEIRO_01-01-2024_A_31-07-2024.CSV
[2024-08-28T13:44:40.482+0000] {logging_mixin.py:137} INFO - Escrevendo Safra 2024-07
[2024-08-28T13:44:40.677+0000] {logging_mixin.py:137} INFO - Arquivo CSV encontrado: INMET_NE_PI_A376_CAMPO MAIOR_01-01-2024_A_31-07-2024.CSV
[2024-08-28T13:44:42.549+0000] {logging_mixin.py:137} INFO - Escrevendo Safra 2024-07
[2024-08-28T13:44:42.808+0000] {logging_mixin.py:137} INFO - Arquivo CSV encontrado: INMET_NE_PI_A377_ANGICAL DO PIAUI_01-01-2024_A_31-07-2024.CSV
[2024-08-28T13:44:43.947+0000] {logging_mixin.py:137} INFO - Escrevendo Safra 2024-07
[2024-08-28T13:44:44.127+0000] {logging_mixin.py:137} INFO - Arquivo CSV encontrado: INMET_NE_RN_A304_NATAL_01-01-2024_A_31-07-2024.CSV
[2024-08-28T13:44:45.165+0000] {logging_mixin.py:137} INFO - Escrevendo Safra 2024-07
[2024-08-28T13:44:45.320+0000] {logging_mixin.py:137} INFO - Arquivo CSV encontrado: INMET_NE_RN_A316_CAICO_01-01-2024_A_31-07-2024.CSV
[2024-08-28T13:44:47.536+0000] {logging_mixin.py:137} INFO - Escrevendo Safra 2024-07
[2024-08-28T13:44:47.836+0000] {logging_mixin.py:137} INFO - Arquivo CSV encontrado: INMET_NE_RN_A317_MACAU_01-01-2024_A_31-07-2024.CSV
[2024-08-28T13:44:49.643+0000] {logging_mixin.py:137} INFO - Escrevendo Safra 2024-07
[2024-08-28T13:44:49.824+0000] {logging_mixin.py:137} INFO - Arquivo CSV encontrado: INMET_NE_RN_A318_MOSSORO_01-01-2024_A_31-07-2024.CSV
[2024-08-28T13:44:51.764+0000] {logging_mixin.py:137} INFO - Escrevendo Safra 2024-07
[2024-08-28T13:44:51.948+0000] {logging_mixin.py:137} INFO - Arquivo CSV encontrado: INMET_NE_RN_A340_APODI_01-01-2024_A_31-07-2024.CSV
[2024-08-28T13:44:53.652+0000] {logging_mixin.py:137} INFO - Escrevendo Safra 2024-07
[2024-08-28T13:44:53.832+0000] {logging_mixin.py:137} INFO - Arquivo CSV encontrado: INMET_NE_RN_A344_CALCANHAR_01-01-2024_A_31-07-2024.CSV
[2024-08-28T13:44:55.070+0000] {logging_mixin.py:137} INFO - Escrevendo Safra 2024-07
[2024-08-28T13:44:55.295+0000] {logging_mixin.py:137} INFO - Arquivo CSV encontrado: INMET_NE_RN_A367_SANTA CRUZ_01-01-2024_A_31-07-2024.CSV
[2024-08-28T13:44:56.770+0000] {logging_mixin.py:137} INFO - Escrevendo Safra 2024-07
[2024-08-28T13:44:56.943+0000] {logging_mixin.py:137} INFO - Arquivo CSV encontrado: INMET_NE_RN_A372_IPANGUACU_01-01-2024_A_31-07-2024.CSV
[2024-08-28T13:44:58.635+0000] {logging_mixin.py:137} INFO - Escrevendo Safra 2024-07
[2024-08-28T13:44:58.845+0000] {logging_mixin.py:137} INFO - Arquivo CSV encontrado: INMET_NE_SE_A409_ARACAJU_01-01-2024_A_31-07-2024.CSV
[2024-08-28T13:45:01.044+0000] {logging_mixin.py:137} INFO - Escrevendo Safra 2024-07
[2024-08-28T13:45:01.209+0000] {logging_mixin.py:137} INFO - Arquivo CSV encontrado: INMET_NE_SE_A417_ITABAIANINHA_01-01-2024_A_31-07-2024.CSV
[2024-08-28T13:45:03.023+0000] {logging_mixin.py:137} INFO - Escrevendo Safra 2024-07
[2024-08-28T13:45:03.273+0000] {logging_mixin.py:137} INFO - Arquivo CSV encontrado: INMET_NE_SE_A419_POCO VERDE_01-01-2024_A_31-07-2024.CSV
[2024-08-28T13:45:04.209+0000] {logging_mixin.py:137} INFO - Escrevendo Safra 2024-07
[2024-08-28T13:45:04.383+0000] {logging_mixin.py:137} INFO - Arquivo CSV encontrado: INMET_NE_SE_A421_BREJO GRANDE_01-01-2024_A_31-07-2024.CSV
[2024-08-28T13:45:06.409+0000] {logging_mixin.py:137} INFO - Escrevendo Safra 2024-07
[2024-08-28T13:45:06.573+0000] {logging_mixin.py:137} INFO - Arquivo CSV encontrado: INMET_NE_SE_A451_ITABAIANA_01-01-2024_A_31-07-2024.CSV
[2024-08-28T13:45:07.654+0000] {logging_mixin.py:137} INFO - Escrevendo Safra 2024-07
[2024-08-28T13:45:07.827+0000] {logging_mixin.py:137} INFO - Arquivo CSV encontrado: INMET_NE_SE_A453_NOSSA SENHORA DA GLORIA_01-01-2024_A_31-07-2024.CSV
[2024-08-28T13:45:09.908+0000] {logging_mixin.py:137} INFO - Escrevendo Safra 2024-07
[2024-08-28T13:45:10.136+0000] {logging_mixin.py:137} INFO - Arquivo CSV encontrado: INMET_N_PA_A201_BELEM_01-01-2024_A_31-07-2024.CSV
[2024-08-28T13:45:12.156+0000] {logging_mixin.py:137} INFO - Escrevendo Safra 2024-07
[2024-08-28T13:45:12.416+0000] {logging_mixin.py:137} INFO - Arquivo CSV encontrado: INMET_N_PA_A202_CASTANHAL_01-01-2024_A_31-07-2024.CSV
[2024-08-28T13:45:14.203+0000] {logging_mixin.py:137} INFO - Escrevendo Safra 2024-07
[2024-08-28T13:45:14.361+0000] {logging_mixin.py:137} INFO - Arquivo CSV encontrado: INMET_N_PA_A209_MEDICILANDIA_01-01-2024_A_31-07-2024.CSV
[2024-08-28T13:45:15.910+0000] {logging_mixin.py:137} INFO - Escrevendo Safra 2024-07
[2024-08-28T13:45:16.145+0000] {logging_mixin.py:137} INFO - Arquivo CSV encontrado: INMET_N_PA_A210_PACAJA_01-01-2024_A_31-07-2024.CSV
[2024-08-28T13:45:17.661+0000] {logging_mixin.py:137} INFO - Escrevendo Safra 2024-07
[2024-08-28T13:45:17.928+0000] {logging_mixin.py:137} INFO - Arquivo CSV encontrado: INMET_N_PA_A211_PLACAS_01-01-2024_A_31-07-2024.CSV
[2024-08-28T13:45:19.666+0000] {logging_mixin.py:137} INFO - Escrevendo Safra 2024-07
[2024-08-28T13:45:19.872+0000] {logging_mixin.py:137} INFO - Arquivo CSV encontrado: INMET_N_PA_A212_PARAGOMINAS_01-01-2024_A_31-07-2024.CSV
[2024-08-28T13:45:21.992+0000] {logging_mixin.py:137} INFO - Escrevendo Safra 2024-07
[2024-08-28T13:45:22.179+0000] {logging_mixin.py:137} INFO - Arquivo CSV encontrado: INMET_N_PA_A213_TOME ACU_01-01-2024_A_31-07-2024.CSV
[2024-08-28T13:45:24.003+0000] {logging_mixin.py:137} INFO - Escrevendo Safra 2024-07
[2024-08-28T13:45:24.281+0000] {logging_mixin.py:137} INFO - Arquivo CSV encontrado: INMET_N_PA_A214_RONDON DO PARA_01-01-2024_A_31-07-2024.CSV
[2024-08-28T13:45:26.182+0000] {logging_mixin.py:137} INFO - Escrevendo Safra 2024-07
[2024-08-28T13:45:26.430+0000] {logging_mixin.py:137} INFO - Arquivo CSV encontrado: INMET_N_PA_A215_SALINOPOLIS_01-01-2024_A_31-07-2024.CSV
[2024-08-28T13:45:28.450+0000] {logging_mixin.py:137} INFO - Escrevendo Safra 2024-07
[2024-08-28T13:45:28.632+0000] {logging_mixin.py:137} INFO - Arquivo CSV encontrado: INMET_N_PA_A216_SAO FELIX DO XINGU_01-01-2024_A_31-07-2024.CSV
[2024-08-28T13:45:29.601+0000] {logging_mixin.py:137} INFO - Escrevendo Safra 2024-07
[2024-08-28T13:45:29.797+0000] {logging_mixin.py:137} INFO - Arquivo CSV encontrado: INMET_N_PA_A226_BRAGANCA_01-01-2024_A_31-07-2024.CSV
[2024-08-28T13:45:31.873+0000] {logging_mixin.py:137} INFO - Escrevendo Safra 2024-07
[2024-08-28T13:45:32.043+0000] {logging_mixin.py:137} INFO - Arquivo CSV encontrado: INMET_N_PA_A227_SOURE_01-01-2024_A_31-07-2024.CSV
[2024-08-28T13:45:33.813+0000] {logging_mixin.py:137} INFO - Escrevendo Safra 2024-07
[2024-08-28T13:45:33.978+0000] {logging_mixin.py:137} INFO - Arquivo CSV encontrado: INMET_N_PA_A228_BREVES_01-01-2024_A_31-07-2024.CSV
[2024-08-28T13:45:34.877+0000] {logging_mixin.py:137} INFO - Escrevendo Safra 2024-07
[2024-08-28T13:45:35.050+0000] {logging_mixin.py:137} INFO - Arquivo CSV encontrado: INMET_N_PA_A229_TUCURUI_01-01-2024_A_31-07-2024.CSV
[2024-08-28T13:45:37.101+0000] {logging_mixin.py:137} INFO - Escrevendo Safra 2024-07
[2024-08-28T13:45:37.250+0000] {logging_mixin.py:137} INFO - Arquivo CSV encontrado: INMET_N_PA_A230_SERRA DOS CARAJAS_01-01-2024_A_31-07-2024.CSV
[2024-08-28T13:45:38.238+0000] {logging_mixin.py:137} INFO - Escrevendo Safra 2024-07
[2024-08-28T13:45:38.380+0000] {logging_mixin.py:137} INFO - Arquivo CSV encontrado: INMET_N_PA_A231_ITAITUBA_01-01-2024_A_31-07-2024.CSV
[2024-08-28T13:45:40.301+0000] {logging_mixin.py:137} INFO - Escrevendo Safra 2024-07
[2024-08-28T13:45:40.476+0000] {logging_mixin.py:137} INFO - Arquivo CSV encontrado: INMET_N_PA_A232_OBIDOS_01-01-2024_A_31-07-2024.CSV
[2024-08-28T13:45:42.380+0000] {logging_mixin.py:137} INFO - Escrevendo Safra 2024-07
[2024-08-28T13:45:42.565+0000] {logging_mixin.py:137} INFO - Arquivo CSV encontrado: INMET_N_PA_A233_SANTANA DO ARAGUAIA_01-01-2024_A_31-07-2024.CSV
[2024-08-28T13:45:44.710+0000] {logging_mixin.py:137} INFO - Escrevendo Safra 2024-07
[2024-08-28T13:45:44.999+0000] {logging_mixin.py:137} INFO - Arquivo CSV encontrado: INMET_N_PA_A234_TUCUMA_01-01-2024_A_31-07-2024.CSV
[2024-08-28T13:45:45.929+0000] {logging_mixin.py:137} INFO - Escrevendo Safra 2024-07
[2024-08-28T13:45:46.218+0000] {logging_mixin.py:137} INFO - Arquivo CSV encontrado: INMET_N_PA_A235_NOVO REPARTIMENTO_01-01-2024_A_31-07-2024.CSV
[2024-08-28T13:45:47.777+0000] {logging_mixin.py:137} INFO - Escrevendo Safra 2024-07
[2024-08-28T13:45:48.082+0000] {logging_mixin.py:137} INFO - Arquivo CSV encontrado: INMET_N_PA_A236_CAMETA_01-01-2024_A_31-07-2024.CSV
[2024-08-28T13:45:48.923+0000] {logging_mixin.py:137} INFO - Escrevendo Safra 2024-07
[2024-08-28T13:45:49.144+0000] {logging_mixin.py:137} INFO - Arquivo CSV encontrado: INMET_N_PA_A239_MONTE ALEGRE_01-01-2024_A_31-07-2024.CSV
[2024-08-28T13:45:50.936+0000] {logging_mixin.py:137} INFO - Escrevendo Safra 2024-07
[2024-08-28T13:45:51.126+0000] {logging_mixin.py:137} INFO - Arquivo CSV encontrado: INMET_N_PA_A240_MARABA_01-01-2024_A_31-07-2024.CSV
[2024-08-28T13:45:52.243+0000] {logging_mixin.py:137} INFO - Escrevendo Safra 2024-07
[2024-08-28T13:45:52.436+0000] {logging_mixin.py:137} INFO - Arquivo CSV encontrado: INMET_N_PA_A241_CONCEICAO DO ARAGUAIA_01-01-2024_A_31-07-2024.CSV
[2024-08-28T13:45:54.515+0000] {logging_mixin.py:137} INFO - Escrevendo Safra 2024-07
[2024-08-28T13:45:54.687+0000] {logging_mixin.py:137} INFO - Arquivo CSV encontrado: INMET_N_PA_A245_PORTO DE MOZ_01-01-2024_A_31-07-2024.CSV
[2024-08-28T13:45:56.982+0000] {logging_mixin.py:137} INFO - Escrevendo Safra 2024-07
[2024-08-28T13:45:57.243+0000] {logging_mixin.py:137} INFO - Arquivo CSV encontrado: INMET_N_PA_A246_MINA DO PALITO_01-01-2024_A_31-07-2024.CSV
[2024-08-28T13:45:58.322+0000] {logging_mixin.py:137} INFO - Escrevendo Safra 2024-07
[2024-08-28T13:45:58.481+0000] {logging_mixin.py:137} INFO - Arquivo CSV encontrado: INMET_N_PA_A247_XINGUARA_01-01-2024_A_31-07-2024.CSV
[2024-08-28T13:46:00.421+0000] {logging_mixin.py:137} INFO - Escrevendo Safra 2024-07
[2024-08-28T13:46:00.646+0000] {logging_mixin.py:137} INFO - Arquivo CSV encontrado: INMET_N_PA_A248_CAPITAO POCO_01-01-2024_A_31-07-2024.CSV
[2024-08-28T13:46:02.188+0000] {logging_mixin.py:137} INFO - Escrevendo Safra 2024-07
[2024-08-28T13:46:02.374+0000] {logging_mixin.py:137} INFO - Arquivo CSV encontrado: INMET_N_PA_A250_SANTAREM_01-01-2024_A_31-07-2024.CSV
[2024-08-28T13:46:04.083+0000] {logging_mixin.py:137} INFO - Escrevendo Safra 2024-07
[2024-08-28T13:46:04.284+0000] {logging_mixin.py:137} INFO - Arquivo CSV encontrado: INMET_N_PA_A252_DOM ELISEU_01-01-2024_A_31-07-2024.CSV
[2024-08-28T13:46:06.761+0000] {logging_mixin.py:137} INFO - Escrevendo Safra 2024-07
[2024-08-28T13:46:07.011+0000] {logging_mixin.py:137} INFO - Arquivo CSV encontrado: INMET_N_PA_A253_ALTAMIRA_01-01-2024_A_31-07-2024.CSV
[2024-08-28T13:46:09.410+0000] {logging_mixin.py:137} INFO - Escrevendo Safra 2024-07
[2024-08-28T13:46:09.624+0000] {logging_mixin.py:137} INFO - Arquivo CSV encontrado: INMET_N_PA_A254_REDENCAO_01-01-2024_A_31-07-2024.CSV
[2024-08-28T13:46:12.014+0000] {logging_mixin.py:137} INFO - Escrevendo Safra 2024-07
[2024-08-28T13:46:12.281+0000] {logging_mixin.py:137} INFO - Arquivo CSV encontrado: INMET_N_PA_A256_SANTA MARIA DAS BARREIRAS_01-01-2024_A_31-07-2024.CSV
[2024-08-28T13:46:14.418+0000] {logging_mixin.py:137} INFO - Escrevendo Safra 2024-07
[2024-08-28T13:46:14.605+0000] {logging_mixin.py:137} INFO - Arquivo CSV encontrado: INMET_N_RO_A925_PORTO VELHO_01-01-2024_A_31-07-2024.CSV
[2024-08-28T13:46:15.168+0000] {local_task_job.py:273} WARNING - State of this instance has been externally set to failed. Terminating instance.
[2024-08-28T13:46:15.173+0000] {process_utils.py:133} INFO - Sending Signals.SIGTERM to group 304. PIDs of all processes in the group: [305, 304]
[2024-08-28T13:46:15.173+0000] {process_utils.py:84} INFO - Sending the signal Signals.SIGTERM to group 304
[2024-08-28T13:46:15.173+0000] {taskinstance.py:1479} ERROR - Received SIGTERM. Terminating subprocesses.
[2024-08-28T13:46:15.255+0000] {dag_inmet.py:115} ERROR - Erro no processamento dos dados: Task received SIGTERM signal
[2024-08-28T13:46:15.951+0000] {clientserver.py:538} INFO - Error while receiving.
Traceback (most recent call last):
  File "/opt/airflow/dags/dag_inmet.py", line 103, in task_process_data
    silver.process_csv_files(filename, spark)
  File "/opt/airflow/plugins/silver_plugin.py", line 20, in wrapper
    resultado = metodo(*args, **kwargs)
  File "/opt/airflow/plugins/silver_plugin.py", line 135, in process_csv_files
    df = self.process_csv_file(tmp_dir, nome_arquivo_zip, spark) # Faz as primeiras transformaes no arquivo
  File "/opt/airflow/plugins/silver_plugin.py", line 66, in process_csv_file
    encoding = self.detect_encoding(file_path)
  File "/opt/airflow/plugins/silver_plugin.py", line 61, in detect_encoding
    return chardet.detect(f.read())['encoding']
  File "/home/airflow/.local/lib/python3.7/site-packages/chardet/__init__.py", line 41, in detect
    detector.feed(byte_str)
  File "/home/airflow/.local/lib/python3.7/site-packages/chardet/universaldetector.py", line 211, in feed
    if prober.feed(byte_str) == ProbingState.FOUND_IT:
  File "/home/airflow/.local/lib/python3.7/site-packages/chardet/charsetgroupprober.py", line 71, in feed
    state = prober.feed(byte_str)
  File "/home/airflow/.local/lib/python3.7/site-packages/chardet/sjisprober.py", line 77, in feed
    self.distribution_analyzer.feed(byte_str[i - 1:i + 1],
  File "/home/airflow/.local/lib/python3.7/site-packages/airflow/models/taskinstance.py", line 1481, in signal_handler
    raise AirflowException("Task received SIGTERM signal")
airflow.exceptions.AirflowException: Task received SIGTERM signal

During handling of the above exception, another exception occurred:

Traceback (most recent call last):
  File "/home/airflow/.local/lib/python3.7/site-packages/py4j/clientserver.py", line 516, in send_command
    raise Py4JNetworkError("Answer from Java side is empty")
py4j.protocol.Py4JNetworkError: Answer from Java side is empty
[2024-08-28T13:46:15.958+0000] {clientserver.py:543} INFO - Closing down clientserver connection
[2024-08-28T13:46:15.958+0000] {java_gateway.py:1056} ERROR - Exception while sending command.
Traceback (most recent call last):
  File "/opt/airflow/dags/dag_inmet.py", line 103, in task_process_data
    silver.process_csv_files(filename, spark)
  File "/opt/airflow/plugins/silver_plugin.py", line 20, in wrapper
    resultado = metodo(*args, **kwargs)
  File "/opt/airflow/plugins/silver_plugin.py", line 135, in process_csv_files
    df = self.process_csv_file(tmp_dir, nome_arquivo_zip, spark) # Faz as primeiras transformaes no arquivo
  File "/opt/airflow/plugins/silver_plugin.py", line 66, in process_csv_file
    encoding = self.detect_encoding(file_path)
  File "/opt/airflow/plugins/silver_plugin.py", line 61, in detect_encoding
    return chardet.detect(f.read())['encoding']
  File "/home/airflow/.local/lib/python3.7/site-packages/chardet/__init__.py", line 41, in detect
    detector.feed(byte_str)
  File "/home/airflow/.local/lib/python3.7/site-packages/chardet/universaldetector.py", line 211, in feed
    if prober.feed(byte_str) == ProbingState.FOUND_IT:
  File "/home/airflow/.local/lib/python3.7/site-packages/chardet/charsetgroupprober.py", line 71, in feed
    state = prober.feed(byte_str)
  File "/home/airflow/.local/lib/python3.7/site-packages/chardet/sjisprober.py", line 77, in feed
    self.distribution_analyzer.feed(byte_str[i - 1:i + 1],
  File "/home/airflow/.local/lib/python3.7/site-packages/airflow/models/taskinstance.py", line 1481, in signal_handler
    raise AirflowException("Task received SIGTERM signal")
airflow.exceptions.AirflowException: Task received SIGTERM signal

During handling of the above exception, another exception occurred:

Traceback (most recent call last):
  File "/home/airflow/.local/lib/python3.7/site-packages/py4j/clientserver.py", line 516, in send_command
    raise Py4JNetworkError("Answer from Java side is empty")
py4j.protocol.Py4JNetworkError: Answer from Java side is empty

During handling of the above exception, another exception occurred:

Traceback (most recent call last):
  File "/home/airflow/.local/lib/python3.7/site-packages/py4j/java_gateway.py", line 1038, in send_command
    response = connection.send_command(command)
  File "/home/airflow/.local/lib/python3.7/site-packages/py4j/clientserver.py", line 540, in send_command
    "Error while sending or receiving", e, proto.ERROR_ON_RECEIVE)
py4j.protocol.Py4JNetworkError: Error while sending or receiving
[2024-08-28T13:46:15.960+0000] {clientserver.py:543} INFO - Closing down clientserver connection
[2024-08-28T13:46:15.960+0000] {taskinstance.py:1768} ERROR - Task failed with exception
Traceback (most recent call last):
  File "/opt/airflow/dags/dag_inmet.py", line 103, in task_process_data
    silver.process_csv_files(filename, spark)
  File "/opt/airflow/plugins/silver_plugin.py", line 20, in wrapper
    resultado = metodo(*args, **kwargs)
  File "/opt/airflow/plugins/silver_plugin.py", line 135, in process_csv_files
    df = self.process_csv_file(tmp_dir, nome_arquivo_zip, spark) # Faz as primeiras transformaes no arquivo
  File "/opt/airflow/plugins/silver_plugin.py", line 66, in process_csv_file
    encoding = self.detect_encoding(file_path)
  File "/opt/airflow/plugins/silver_plugin.py", line 61, in detect_encoding
    return chardet.detect(f.read())['encoding']
  File "/home/airflow/.local/lib/python3.7/site-packages/chardet/__init__.py", line 41, in detect
    detector.feed(byte_str)
  File "/home/airflow/.local/lib/python3.7/site-packages/chardet/universaldetector.py", line 211, in feed
    if prober.feed(byte_str) == ProbingState.FOUND_IT:
  File "/home/airflow/.local/lib/python3.7/site-packages/chardet/charsetgroupprober.py", line 71, in feed
    state = prober.feed(byte_str)
  File "/home/airflow/.local/lib/python3.7/site-packages/chardet/sjisprober.py", line 77, in feed
    self.distribution_analyzer.feed(byte_str[i - 1:i + 1],
  File "/home/airflow/.local/lib/python3.7/site-packages/airflow/models/taskinstance.py", line 1481, in signal_handler
    raise AirflowException("Task received SIGTERM signal")
airflow.exceptions.AirflowException: Task received SIGTERM signal

During handling of the above exception, another exception occurred:

Traceback (most recent call last):
  File "/home/airflow/.local/lib/python3.7/site-packages/airflow/operators/python.py", line 175, in execute
    return_value = self.execute_callable()
  File "/home/airflow/.local/lib/python3.7/site-packages/airflow/operators/python.py", line 192, in execute_callable
    return self.python_callable(*self.op_args, **self.op_kwargs)
  File "/opt/airflow/dags/dag_inmet.py", line 119, in task_process_data
    spark.stop()
  File "/home/airflow/.local/lib/python3.7/site-packages/pyspark/sql/session.py", line 1602, in stop
    self._jvm.SparkSession.clearDefaultSession()
  File "/home/airflow/.local/lib/python3.7/site-packages/py4j/java_gateway.py", line 1725, in __getattr__
    raise Py4JError(message)
py4j.protocol.Py4JError: SparkSession does not exist in the JVM
[2024-08-28T13:46:15.970+0000] {taskinstance.py:1323} INFO - Marking task as FAILED. dag_id=dag_inmet, task_id=process_data, execution_date=20240828T133457, start_date=20240828T133554, end_date=20240828T134615
[2024-08-28T13:46:15.990+0000] {standard_task_runner.py:105} ERROR - Failed to execute job 11926 for task process_data (SparkSession does not exist in the JVM; 304)
[2024-08-28T13:46:16.000+0000] {process_utils.py:79} INFO - Process psutil.Process(pid=305, status='terminated', started='13:35:53') (305) terminated with exit code None
[2024-08-28T13:46:16.002+0000] {process_utils.py:79} INFO - Process psutil.Process(pid=304, status='terminated', exitcode=1, started='13:35:53') (304) terminated with exit code 1
