[2024-07-28T16:41:29.854+0000] {taskinstance.py:1083} INFO - Dependencies all met for <TaskInstance: dag_inmet.process_data scheduled__2024-07-27T16:33:41.530962+00:00 [queued]>
[2024-07-28T16:41:29.861+0000] {taskinstance.py:1083} INFO - Dependencies all met for <TaskInstance: dag_inmet.process_data scheduled__2024-07-27T16:33:41.530962+00:00 [queued]>
[2024-07-28T16:41:29.861+0000] {taskinstance.py:1279} INFO - 
--------------------------------------------------------------------------------
[2024-07-28T16:41:29.861+0000] {taskinstance.py:1280} INFO - Starting attempt 1 of 2
[2024-07-28T16:41:29.861+0000] {taskinstance.py:1281} INFO - 
--------------------------------------------------------------------------------
[2024-07-28T16:41:29.871+0000] {taskinstance.py:1300} INFO - Executing <Task(PythonOperator): process_data> on 2024-07-27 16:33:41.530962+00:00
[2024-07-28T16:41:29.876+0000] {standard_task_runner.py:55} INFO - Started process 2172 to run task
[2024-07-28T16:41:29.878+0000] {standard_task_runner.py:82} INFO - Running: ['***', 'tasks', 'run', 'dag_inmet', 'process_data', 'scheduled__2024-07-27T16:33:41.530962+00:00', '--job-id', '2071', '--raw', '--subdir', 'DAGS_FOLDER/dag_inmet.py', '--cfg-path', '/tmp/tmpxk26yqqi']
[2024-07-28T16:41:29.879+0000] {standard_task_runner.py:83} INFO - Job 2071: Subtask process_data
[2024-07-28T16:41:30.013+0000] {task_command.py:388} INFO - Running <TaskInstance: dag_inmet.process_data scheduled__2024-07-27T16:33:41.530962+00:00 [running]> on host b2928957dd8b
[2024-07-28T16:41:30.057+0000] {taskinstance.py:1509} INFO - Exporting the following env vars:
AIRFLOW_CTX_DAG_OWNER=***
AIRFLOW_CTX_DAG_ID=dag_inmet
AIRFLOW_CTX_TASK_ID=process_data
AIRFLOW_CTX_EXECUTION_DATE=2024-07-27T16:33:41.530962+00:00
AIRFLOW_CTX_TRY_NUMBER=1
AIRFLOW_CTX_DAG_RUN_ID=scheduled__2024-07-27T16:33:41.530962+00:00
[2024-07-28T16:41:32.235+0000] {warnings.py:110} WARNING - /home/***/.local/lib/python3.7/site-packages/pyspark/context.py:317: FutureWarning: Python 3.7 support is deprecated in Spark 3.4.
  warnings.warn("Python 3.7 support is deprecated in Spark 3.4.", FutureWarning)

[2024-07-28T16:41:32.323+0000] {dag_inmet.py:61} INFO - SparkSession criado com sucesso.
[2024-07-28T16:41:32.332+0000] {logging_mixin.py:137} INFO - Arquivo CSV encontrado: INMET_CO_DF_A001_BRASILIA_01-01-2024_A_30-06-2024.CSV
[2024-07-28T16:41:33.749+0000] {logging_mixin.py:137} WARNING - Traceback (most recent call last):
[2024-07-28T16:41:33.750+0000] {logging_mixin.py:137} WARNING -   File "/home/***/.local/lib/python3.7/site-packages/pyspark/serializers.py", line 459, in dumps
    return cloudpickle.dumps(obj, pickle_protocol)
[2024-07-28T16:41:33.750+0000] {logging_mixin.py:137} WARNING -   File "/home/***/.local/lib/python3.7/site-packages/pyspark/cloudpickle/cloudpickle_fast.py", line 102, in dumps
    cp.dump(obj)
[2024-07-28T16:41:33.750+0000] {logging_mixin.py:137} WARNING -   File "/home/***/.local/lib/python3.7/site-packages/pyspark/cloudpickle/cloudpickle_fast.py", line 632, in dump
    return Pickler.dump(self, obj)
[2024-07-28T16:41:33.750+0000] {logging_mixin.py:137} WARNING -   File "/usr/local/lib/python3.7/pickle.py", line 437, in dump
    self.save(obj)
[2024-07-28T16:41:33.750+0000] {logging_mixin.py:137} WARNING -   File "/usr/local/lib/python3.7/pickle.py", line 504, in save
    f(self, obj) # Call unbound method with explicit self
[2024-07-28T16:41:33.750+0000] {logging_mixin.py:137} WARNING -   File "/usr/local/lib/python3.7/pickle.py", line 789, in save_tuple
    save(element)
[2024-07-28T16:41:33.750+0000] {logging_mixin.py:137} WARNING -   File "/usr/local/lib/python3.7/pickle.py", line 504, in save
    f(self, obj) # Call unbound method with explicit self
[2024-07-28T16:41:33.750+0000] {logging_mixin.py:137} WARNING -   File "/home/***/.local/lib/python3.7/site-packages/pyspark/cloudpickle/cloudpickle_fast.py", line 819, in save_function
    *self._dynamic_function_reduce(obj), obj=obj
[2024-07-28T16:41:33.750+0000] {logging_mixin.py:137} WARNING -   File "/home/***/.local/lib/python3.7/site-packages/pyspark/cloudpickle/cloudpickle_fast.py", line 756, in _save_reduce_pickle5
    dictitems=dictitems, obj=obj
[2024-07-28T16:41:33.750+0000] {logging_mixin.py:137} WARNING -   File "/usr/local/lib/python3.7/pickle.py", line 638, in save_reduce
    save(args)
[2024-07-28T16:41:33.750+0000] {logging_mixin.py:137} WARNING -   File "/usr/local/lib/python3.7/pickle.py", line 504, in save
    f(self, obj) # Call unbound method with explicit self
[2024-07-28T16:41:33.750+0000] {logging_mixin.py:137} WARNING -   File "/usr/local/lib/python3.7/pickle.py", line 789, in save_tuple
    save(element)
[2024-07-28T16:41:33.750+0000] {logging_mixin.py:137} WARNING -   File "/usr/local/lib/python3.7/pickle.py", line 504, in save
    f(self, obj) # Call unbound method with explicit self
[2024-07-28T16:41:33.750+0000] {logging_mixin.py:137} WARNING -   File "/usr/local/lib/python3.7/pickle.py", line 774, in save_tuple
    save(element)
[2024-07-28T16:41:33.751+0000] {logging_mixin.py:137} WARNING -   File "/usr/local/lib/python3.7/pickle.py", line 504, in save
    f(self, obj) # Call unbound method with explicit self
[2024-07-28T16:41:33.751+0000] {logging_mixin.py:137} WARNING -   File "/home/***/.local/lib/python3.7/site-packages/dill/_dill.py", line 1146, in save_cell
    f = obj.cell_contents
[2024-07-28T16:41:33.751+0000] {logging_mixin.py:137} WARNING - ValueError: Cell is empty
[2024-07-28T16:41:33.751+0000] {dag_inmet.py:67} ERROR - Erro no processamento dos dados: Could not serialize object: ValueError: Cell is empty
[2024-07-28T16:41:34.242+0000] {taskinstance.py:1768} ERROR - Task failed with exception
Traceback (most recent call last):
  File "/home/airflow/.local/lib/python3.7/site-packages/pyspark/serializers.py", line 459, in dumps
    return cloudpickle.dumps(obj, pickle_protocol)
  File "/home/airflow/.local/lib/python3.7/site-packages/pyspark/cloudpickle/cloudpickle_fast.py", line 102, in dumps
    cp.dump(obj)
  File "/home/airflow/.local/lib/python3.7/site-packages/pyspark/cloudpickle/cloudpickle_fast.py", line 632, in dump
    return Pickler.dump(self, obj)
  File "/usr/local/lib/python3.7/pickle.py", line 437, in dump
    self.save(obj)
  File "/usr/local/lib/python3.7/pickle.py", line 504, in save
    f(self, obj) # Call unbound method with explicit self
  File "/usr/local/lib/python3.7/pickle.py", line 789, in save_tuple
    save(element)
  File "/usr/local/lib/python3.7/pickle.py", line 504, in save
    f(self, obj) # Call unbound method with explicit self
  File "/home/airflow/.local/lib/python3.7/site-packages/pyspark/cloudpickle/cloudpickle_fast.py", line 819, in save_function
    *self._dynamic_function_reduce(obj), obj=obj
  File "/home/airflow/.local/lib/python3.7/site-packages/pyspark/cloudpickle/cloudpickle_fast.py", line 756, in _save_reduce_pickle5
    dictitems=dictitems, obj=obj
  File "/usr/local/lib/python3.7/pickle.py", line 638, in save_reduce
    save(args)
  File "/usr/local/lib/python3.7/pickle.py", line 504, in save
    f(self, obj) # Call unbound method with explicit self
  File "/usr/local/lib/python3.7/pickle.py", line 789, in save_tuple
    save(element)
  File "/usr/local/lib/python3.7/pickle.py", line 504, in save
    f(self, obj) # Call unbound method with explicit self
  File "/usr/local/lib/python3.7/pickle.py", line 774, in save_tuple
    save(element)
  File "/usr/local/lib/python3.7/pickle.py", line 504, in save
    f(self, obj) # Call unbound method with explicit self
  File "/home/airflow/.local/lib/python3.7/site-packages/dill/_dill.py", line 1146, in save_cell
    f = obj.cell_contents
ValueError: Cell is empty

During handling of the above exception, another exception occurred:

Traceback (most recent call last):
  File "/home/airflow/.local/lib/python3.7/site-packages/airflow/operators/python.py", line 175, in execute
    return_value = self.execute_callable()
  File "/home/airflow/.local/lib/python3.7/site-packages/airflow/operators/python.py", line 192, in execute_callable
    return self.python_callable(*self.op_args, **self.op_kwargs)
  File "/opt/airflow/dags/dag_inmet.py", line 64, in task_process_data
    df_filtered = silver.process_csv_files(filename, spark)
  File "/opt/airflow/plugins/silver_plugin.py", line 12, in wrapper
    resultado = metodo(*args, **kwargs)
  File "/opt/airflow/plugins/silver_plugin.py", line 99, in process_csv_files
    df = self.process_csv_file(tmp_dir, nome_arquivo_zip, spark)
  File "/opt/airflow/plugins/silver_plugin.py", line 43, in process_csv_file
    resultado = rdd.map(self.process_line).collect()
  File "/home/airflow/.local/lib/python3.7/site-packages/pyspark/rdd.py", line 1814, in collect
    sock_info = self.ctx._jvm.PythonRDD.collectAndServe(self._jrdd.rdd())
  File "/home/airflow/.local/lib/python3.7/site-packages/pyspark/rdd.py", line 5442, in _jrdd
    self.ctx, self.func, self._prev_jrdd_deserializer, self._jrdd_deserializer, profiler
  File "/home/airflow/.local/lib/python3.7/site-packages/pyspark/rdd.py", line 5241, in _wrap_function
    pickled_command, broadcast_vars, env, includes = _prepare_for_python_RDD(sc, command)
  File "/home/airflow/.local/lib/python3.7/site-packages/pyspark/rdd.py", line 5224, in _prepare_for_python_RDD
    pickled_command = ser.dumps(command)
  File "/home/airflow/.local/lib/python3.7/site-packages/pyspark/serializers.py", line 469, in dumps
    raise pickle.PicklingError(msg)
_pickle.PicklingError: Could not serialize object: ValueError: Cell is empty
[2024-07-28T16:41:34.249+0000] {taskinstance.py:1323} INFO - Marking task as UP_FOR_RETRY. dag_id=dag_inmet, task_id=process_data, execution_date=20240727T163341, start_date=20240728T164129, end_date=20240728T164134
[2024-07-28T16:41:34.262+0000] {standard_task_runner.py:105} ERROR - Failed to execute job 2071 for task process_data (Could not serialize object: ValueError: Cell is empty; 2172)
[2024-07-28T16:41:34.301+0000] {local_task_job.py:208} INFO - Task exited with return code 1
[2024-07-28T16:41:34.315+0000] {taskinstance.py:2578} INFO - 0 downstream tasks scheduled from follow-on schedule check
